 runtime  src| 
 0.0969s INFO| Started at 1970-04-03 12:01:59.128
 0.1020s INFO| EDuke32 r13194-86a54ff8c
 0.1021s INFO| Built May  3 2022 06:34:35, GCC 8.3.0, 32-bit
 0.1034s INFO| Application parameters: ./FILE_HERE/duke3d.grp 
 0.1036s INFO| Using directory /mnt/SDCARD/Emu/PORTS/Binaries/Duke nukem 3D.port/
 0.2683s INFO| Searching for game data...
 0.2737s  ERR| Found no recognized game data!
 0.2743s WARN| Unable to open DUKE3D.GRP.
 0.2762s INFO| Loaded ./FILE_HERE/duke3d.grp
 0.3954s  CON| Compiling: GAME.CON (151133 bytes)
 0.4191s  CON| Including: DEFS.CON (35992 bytes)
 0.4275s  CON| Including: USER.CON (45449 bytes)
 0.4318s WARN| USER.CON:842: overwriting existing definition for sound #261 (hydro43.voc)
 0.4321s WARN| USER.CON:871: overwriting existing definition for sound #323 (aisle402.voc)
 0.4338s  CON| GAME.CON: In state 'blimphitstate':
 0.4339s WARN| GAME.CON:476: expected action, found define.
 0.4429s  CON| GAME.CON: In actor 'ORGANTIC':
 0.4430s WARN| GAME.CON:3968: found 'else' with no 'if'
 0.4481s  CON| GAME.CON: In state 'pigshootenemystate':
 0.4482s WARN| GAME.CON:5891: found 'else' with no 'if'
 0.4550s WARN| Found 5 warning(s), 0 error(s).
 0.4761s  CON| Compiled 70172 bytes in 76ms
 1.1382s INFO| Initialized 96.0M cache
 2.4283s INFO| Initializing console...
 2.4741s INPT| No game controllers found.
 2.4798s INFO| Executing settings.cfg
 2.4922s  ASS| Initializing Apogee Sound System
 2.5872s  ASS| Using SDL miao driver
 2.5873s  ASS| SDL miao driver
 2.5876s  ASS| Initialized sound at 48.0 KHz stereo with 64 voices
 2.5879s  ASS| Initializing MIDI driver: AdLib OPL3 emulation
 7.9807s INFO| Wrote eduke32.cfg
 8.1311s INFO| Wrote settings.cfg
