Initializing global api
vtpath = /dev/vc/2, fd = -1
vtpath = /dev/tty2, fd = 6
Current VT: 2
7286422016.000000 FB_VideoInit shadow_fb is 0
SDL_GetVideoMode 640x480 32 -> 640x480 32
SDL_CreateShadowSurface 32
SDL_SetVideoMode publicsurface 0x53cc58, shadowsurface 0x53cc58, videosurface 0x53c310
Double buf enabled 0, use SDL_UpdateRect when flip
 _MI_AO_OpenVqeLib: success
 _MI_AO_OpenSrcLib: success
 _MI_AO_OpenG711Lib: success
 _MI_AO_OpenG726Lib: success
initialized Vm and host
Setting cart list on vm
Loading Bios cart
Loading cart /mnt/SDCARD/Emu/PICO/../../Roms/PICO/celeste_classic_2-5.p8
resetting state
Calling Cart Constructor
getting file contents
Version: 29 Compression 2got valid png cart
Bios Cart Loaded
Starting main loop
SDL_CalculateBlitN blitfun idx is 2, bytesperpixel 4, blitfun is 0xb6efb96c, BlitN2N is 0xb6efb96c
Turning off vm and exiting logger
deleting cart
closing lua state
resetting state
calling one time cleanup
