Sat Jan  3 08:34:36 1970 ./bftpd[1618]: Warning: Unable to open /var/log/wtmp.
Sat Jan  3 08:34:36 1970 ./bftpd[1618]: Incoming connection from 192.168.1.52.
Sat Jan  3 08:34:36 1970 ./bftpd[1618]: Successfully logged in as user 'ftp'.
Sat Jan  3 08:34:36 1970 ./bftpd[1618]: Changed directory to '/mnt/SDCARD/'.
Sat Jan  3 08:34:36 1970 ./bftpd[1619]: Warning: Unable to open /var/log/wtmp.
Sat Jan  3 08:34:36 1970 ./bftpd[1619]: Incoming connection from 192.168.1.52.
Sat Jan  3 08:34:36 1970 ./bftpd[1619]: Successfully logged in as user 'ftp'.
Sat Jan  3 08:35:06 1970 ./bftpd[1619]: Quitting.
Sat Jan  3 08:39:36 1970 ./bftpd[1618]: Kicked from the server due to control connection timeout.
Sat Jan  3 08:39:36 1970 ./bftpd[1618]: Quitting.
Sat Jan  3 12:43:04 1970 ./bftpd[3018]: Warning: Unable to open /var/log/wtmp.
Sat Jan  3 12:43:04 1970 ./bftpd[3018]: Incoming connection from 192.168.1.52.
Sat Jan  3 12:43:04 1970 ./bftpd[3018]: Successfully logged in as user 'ftp'.
Sat Jan  3 12:43:07 1970 ./bftpd[3018]: Changed directory to '/mnt/SDCARD/'.
Sat Jan  3 12:43:07 1970 ./bftpd[3018]: Changed directory to '/mnt/SDCARD/'.
Sat Jan  3 12:43:07 1970 ./bftpd[3018]: Changed directory to '/mnt/SDCARD/'.
Sat Jan  3 12:43:07 1970 ./bftpd[3018]: Client is storing file 'Alien Resurrection FR.pbp'.
Sat Jan  3 12:44:56 1970 ./bftpd[3018]: File transmission successful.
Sat Jan  3 12:47:16 1970 ./bftpd[3018]: Changed directory to '/mnt/SDCARD/'.
Sat Jan  3 12:47:21 1970 ./bftpd[3018]: Changed directory to '/mnt/SDCARD/'.
Sat Jan  3 16:54:23 1970 ./bftpd[3284]: Warning: Unable to open /var/log/wtmp.
Sat Jan  3 16:54:23 1970 ./bftpd[3284]: Incoming connection from 192.168.1.52.
Sat Jan  3 16:54:23 1970 ./bftpd[3284]: Successfully logged in as user 'ftp'.
Sat Jan  3 16:54:23 1970 ./bftpd[3284]: Changed directory to '/mnt/SDCARD/BIOS/'.
Sat Jan  3 16:56:08 1970 ./bftpd[3285]: Warning: Unable to open /var/log/wtmp.
Sat Jan  3 16:56:08 1970 ./bftpd[3285]: Incoming connection from 192.168.1.52.
Sat Jan  3 16:56:11 1970 ./bftpd[3285]: Successfully logged in as user 'ftp'.
Sat Jan  3 16:56:33 1970 ./bftpd[3285]: Quitting.
Sat Jan  3 16:56:33 1970 ./bftpd[3286]: Warning: Unable to open /var/log/wtmp.
Sat Jan  3 16:56:33 1970 ./bftpd[3286]: Incoming connection from 192.168.1.52.
Sat Jan  3 16:56:33 1970 ./bftpd[3286]: Successfully logged in as user 'ftp'.
Sat Jan  3 16:58:40 1970 ./bftpd[3284]: Changed directory to '/mnt/SDCARD/'.
Sat Jan  3 16:58:41 1970 ./bftpd[3284]: Changed directory to '/mnt/SDCARD/'.
Sat Jan  3 16:58:41 1970 ./bftpd[3284]: Changed directory to '/mnt/SDCARD/'.
Sat Jan  3 16:58:41 1970 ./bftpd[3284]: Client is storing file 'runtime.sh'.
Sat Jan  3 16:58:41 1970 ./bftpd[3284]: File transmission successful.
Sat Jan  3 04:08:26 1970 ./bftpd[1585]: Warning: Unable to open /var/log/wtmp.
Sat Jan  3 04:08:26 1970 ./bftpd[1585]: Incoming connection from 192.168.1.52.
Sat Jan  3 04:08:26 1970 ./bftpd[1585]: Successfully logged in as user 'ftp'.
Sat Jan  3 04:08:26 1970 ./bftpd[1586]: Warning: Unable to open /var/log/wtmp.
Sat Jan  3 04:08:26 1970 ./bftpd[1586]: Incoming connection from 192.168.1.52.
Sat Jan  3 04:08:26 1970 ./bftpd[1586]: Successfully logged in as user 'ftp'.
Sat Jan  3 04:08:26 1970 ./bftpd[1585]: Quitting.
Sat Jan  3 04:08:27 1970 ./bftpd[1591]: Warning: Unable to open /var/log/wtmp.
Sat Jan  3 04:08:27 1970 ./bftpd[1591]: Incoming connection from 192.168.1.52.
Sat Jan  3 04:08:27 1970 ./bftpd[1591]: Successfully logged in as user 'ftp'.
Sat Jan  3 04:08:27 1970 ./bftpd[1586]: Quitting.
Sat Jan  3 04:09:04 1970 ./bftpd[1926]: Warning: Unable to open /var/log/wtmp.
Sat Jan  3 04:09:04 1970 ./bftpd[1926]: Incoming connection from 192.168.1.52.
Sat Jan  3 04:09:04 1970 ./bftpd[1926]: Successfully logged in as user 'ftp'.
Sat Jan  3 04:10:15 1970 ./bftpd[1591]: Changed directory to '/mnt/SDCARD/App/'.
Sat Jan  3 04:10:19 1970 ./bftpd[1591]: Changed directory to '/mnt/SDCARD/App/Ftp/'.
Sat Jan  3 04:10:31 1970 ./bftpd[1591]: Changed directory to '/mnt/SDCARD/App/Ftp/'.
Sat Jan  3 04:10:31 1970 ./bftpd[1591]: Changed directory to '/mnt/SDCARD/App/Ftp/'.
Sat Jan  3 04:10:31 1970 ./bftpd[1591]: Changed directory to '/mnt/SDCARD/App/Ftp/'.
Sat Jan  3 04:10:31 1970 ./bftpd[1591]: Client is receiving file 'bftpd.conf'.
Sat Jan  3 04:10:31 1970 ./bftpd[1591]: File transmission of 'bftpd.conf' successful.
Sat Jan  3 04:10:31 1970 ./bftpd[1591]: Changed directory to '/mnt/SDCARD/App/Ftp/'.
Sat Jan  3 04:12:59 1970 ./bftpd[1591]: Changed directory to '/mnt/SDCARD/'.
Sat Jan  3 04:12:59 1970 ./bftpd[1591]: Deleted file 'runtime.sh'.
Sat Jan  3 04:13:44 1970 ./bftpd[1591]: Changed directory to '/mnt/SDCARD/'.
Sat Jan  3 04:13:45 1970 ./bftpd[1591]: Deleted file 'Alien Resurrection FR.pbp'.
Sat Jan  3 04:14:04 1970 ./bftpd[1926]: Kicked from the server due to control connection timeout.
Sat Jan  3 04:14:04 1970 ./bftpd[1926]: Quitting.
Sat Jan  3 04:18:26 1970 ./bftpd[1591]: Quitting.
Sat Jan  3 08:28:32 1970 ./bftpd[3793]: Warning: Unable to open /var/log/wtmp.
Sat Jan  3 08:28:32 1970 ./bftpd[3793]: Incoming connection from 192.168.1.52.
Sat Jan  3 08:28:34 1970 ./bftpd[3793]: Login as user '' failed.
Sat Jan  3 08:28:42 1970 ./bftpd[3793]: Quitting.
Sat Jan  3 08:28:43 1970 ./bftpd[3876]: Warning: Unable to open /var/log/wtmp.
Sat Jan  3 08:28:43 1970 ./bftpd[3876]: Incoming connection from 192.168.1.52.
Sat Jan  3 08:28:46 1970 ./bftpd[3876]: Login as user 'sdfsd' failed.
Sat Jan  3 08:28:50 1970 ./bftpd[3876]: Quitting.
Sat Jan  3 08:28:52 1970 ./bftpd[3943]: Warning: Unable to open /var/log/wtmp.
Sat Jan  3 08:28:52 1970 ./bftpd[3943]: Incoming connection from 192.168.1.52.
Sat Jan  3 08:28:56 1970 ./bftpd[3943]: Successfully logged in as user 'ftp'.
Sat Jan  3 08:29:16 1970 ./bftpd[3943]: Quitting.
Sat Jan  3 08:29:30 1970 ./bftpd[428]: Warning: Unable to open /var/log/wtmp.
Sat Jan  3 08:29:30 1970 ./bftpd[428]: Incoming connection from 192.168.1.52.
Sat Jan  3 08:29:30 1970 ./bftpd[428]: Successfully logged in as user 'ftp'.
Sat Jan  3 08:29:44 1970 ./bftpd[428]: Changed directory to '/mnt/SDCARD/RetroArch/'.
Sat Jan  3 08:29:51 1970 ./bftpd[428]: Changed directory to '/mnt/SDCARD/RetroArch/'.
Sat Jan  3 08:29:51 1970 ./bftpd[428]: Changed directory to '/mnt/SDCARD/RetroArch/'.
Sat Jan  3 08:29:55 1970 ./bftpd[428]: Changed directory to '/mnt/SDCARD/RetroArch/'.
Sat Jan  3 08:29:55 1970 ./bftpd[428]: Client is storing file 'retroarch'.
Sat Jan  3 08:29:56 1970 ./bftpd[428]: File transmission successful.
Sat Jan  3 08:34:55 1970 ./bftpd[428]: Kicked from the server due to control connection timeout.
Sat Jan  3 08:34:55 1970 ./bftpd[428]: Quitting.
Sat Jan  3 08:45:30 1970 ./bftpd[3467]: Warning: Unable to open /var/log/wtmp.
Sat Jan  3 08:45:30 1970 ./bftpd[3467]: Incoming connection from 192.168.1.52.
Sat Jan  3 08:45:30 1970 ./bftpd[3467]: Successfully logged in as user 'ftp'.
Sat Jan  3 08:45:30 1970 ./bftpd[3467]: Changed directory to '/mnt/SDCARD/RetroArch/'.
Sat Jan  3 08:45:30 1970 ./bftpd[3467]: Changed directory to '/mnt/SDCARD/RetroArch/'.
Sat Jan  3 08:45:31 1970 ./bftpd[3467]: Changed directory to '/mnt/SDCARD/RetroArch/'.
Sat Jan  3 08:45:31 1970 ./bftpd[3467]: Client is storing file 'retroarch'.
Sat Jan  3 08:45:33 1970 ./bftpd[3467]: File transmission successful.
Sat Jan  3 08:48:46 1970 ./bftpd[3467]: Changed directory to '/mnt/SDCARD/RetroArch/'.
Sat Jan  3 08:48:46 1970 ./bftpd[3467]: Changed directory to '/mnt/SDCARD/RetroArch/'.
Sat Jan  3 08:48:48 1970 ./bftpd[3467]: Changed directory to '/mnt/SDCARD/RetroArch/'.
Sat Jan  3 08:48:51 1970 ./bftpd[3467]: Client is storing file 'retroarch'.
Sat Jan  3 08:48:53 1970 ./bftpd[3467]: File transmission successful.
Sat Jan  3 08:49:24 1970 ./bftpd[3467]: Changed directory to '/mnt/SDCARD/miyoo/'.
Sat Jan  3 08:49:29 1970 ./bftpd[3467]: Quitting.
Sat Jan  3 08:49:31 1970 ./bftpd[1091]: Warning: Unable to open /var/log/wtmp.
Sat Jan  3 08:49:31 1970 ./bftpd[1091]: Incoming connection from 192.168.1.52.
Sat Jan  3 08:49:31 1970 ./bftpd[1091]: Successfully logged in as user 'ftp'.
Sat Jan  3 08:49:31 1970 ./bftpd[1091]: Changed directory to '/mnt/SDCARD/miyoo/app/'.
Sat Jan  3 08:54:31 1970 ./bftpd[1091]: Kicked from the server due to control connection timeout.
Sat Jan  3 08:54:31 1970 ./bftpd[1091]: Quitting.
Sat Jan  3 09:00:17 1970 ./bftpd[1194]: Warning: Unable to open /var/log/wtmp.
Sat Jan  3 09:00:17 1970 ./bftpd[1194]: Incoming connection from 192.168.1.52.
Sat Jan  3 09:00:18 1970 ./bftpd[1194]: Successfully logged in as user 'ftp'.
Sat Jan  3 09:00:18 1970 ./bftpd[1194]: Changed directory to '/mnt/SDCARD/RetroArch/'.
Sat Jan  3 21:11:00 1970 ./bftpd[1296]: Warning: Unable to open /var/log/wtmp.
Sat Jan  3 21:11:00 1970 ./bftpd[1296]: Incoming connection from 192.168.1.52.
Sat Jan  3 21:11:01 1970 ./bftpd[1296]: Successfully logged in as user 'ftp'.
Sat Jan  3 21:11:01 1970 ./bftpd[1296]: Changed directory to '/mnt/SDCARD/RetroArch/'.
Sat Jan  3 21:11:08 1970 ./bftpd[1296]: Changed directory to '/mnt/SDCARD/RetroArch/'.
Sat Jan  3 21:11:09 1970 ./bftpd[1296]: Deleted file 'retroarch'.
Sat Jan  3 21:11:50 1970 ./bftpd[1296]: Changed directory to '/mnt/SDCARD/RetroArch/'.
Sat Jan  3 21:11:52 1970 ./bftpd[1296]: Changed directory to '/mnt/SDCARD/RetroArch/'.
Sat Jan  3 21:11:52 1970 ./bftpd[1296]: Changed directory to '/mnt/SDCARD/RetroArch/'.
Sat Jan  3 21:11:52 1970 ./bftpd[1296]: Client is storing file 'retroarch'.
Sat Jan  3 21:11:53 1970 ./bftpd[1296]: File transmission successful.
Sat Jan  3 21:12:45 1970 ./bftpd[1296]: Changed directory to '/mnt/SDCARD/RetroArch/'.
Sat Jan  3 21:12:45 1970 ./bftpd[1296]: Deleted file 'retroarch'.
Sat Jan  3 21:15:00 1970 ./bftpd[1296]: Changed directory to '/mnt/SDCARD/RetroArch/'.
Sat Jan  3 21:15:00 1970 ./bftpd[1296]: Changed directory to '/mnt/SDCARD/RetroArch/'.
Sat Jan  3 21:15:00 1970 ./bftpd[1296]: Changed directory to '/mnt/SDCARD/RetroArch/'.
Sat Jan  3 21:15:00 1970 ./bftpd[1296]: Client is storing file 'retroarch'.
Sat Jan  3 21:15:01 1970 ./bftpd[1296]: File transmission successful.
Sat Jan  3 21:17:59 1970 ./bftpd[1296]: Quitting.
Sat Jan  3 21:19:31 1970 ./bftpd[551]: Warning: Unable to open /var/log/wtmp.
Sat Jan  3 21:19:31 1970 ./bftpd[551]: Incoming connection from 192.168.1.52.
Sat Jan  3 21:19:33 1970 ./bftpd[551]: Successfully logged in as user 'ftp'.
Sat Jan  3 21:19:34 1970 ./bftpd[551]: Changed directory to '/mnt/SDCARD/RetroArch/'.
Sat Jan  3 21:19:34 1970 ./bftpd[551]: Deleted file 'retroarch'.
Sat Jan  3 21:19:36 1970 ./bftpd[551]: Changed directory to '/mnt/SDCARD/RetroArch/'.
Sat Jan  3 21:25:16 1970 ./bftpd[551]: Kicked from the server due to control connection timeout.
Sat Jan  3 21:25:16 1970 ./bftpd[551]: Quitting.
Sat Jan  3 21:24:22 1970 ./bftpd[3211]: Warning: Unable to open /var/log/wtmp.
Sat Jan  3 21:24:22 1970 ./bftpd[3211]: Incoming connection from 192.168.1.52.
Sat Jan  3 21:24:22 1970 ./bftpd[3211]: Successfully logged in as user 'ftp'.
Sat Jan  3 21:24:22 1970 ./bftpd[3211]: Changed directory to '/mnt/SDCARD/Roms/'.
Sat Jan  3 21:24:24 1970 ./bftpd[3211]: Changed directory to '/mnt/SDCARD/Roms/GB/'.
Sat Jan  3 21:24:39 1970 ./bftpd[3211]: Changed directory to '/mnt/SDCARD/RetroArch/'.
Sat Jan  3 21:24:39 1970 ./bftpd[3211]: Changed directory to '/mnt/SDCARD/RetroArch/'.
Sat Jan  3 21:24:39 1970 ./bftpd[3211]: Changed directory to '/mnt/SDCARD/RetroArch/'.
Sat Jan  3 21:24:39 1970 ./bftpd[3211]: Client is receiving file 'Read me.txt'.
Sat Jan  3 21:24:39 1970 ./bftpd[3211]: File transmission of 'Read me.txt' successful.
Sat Jan  3 21:24:40 1970 ./bftpd[3211]: Changed directory to '/mnt/SDCARD/RetroArch/'.
Sat Jan  3 21:24:50 1970 ./bftpd[3211]: Changed directory to '/mnt/SDCARD/RetroArch/'.
Sat Jan  3 21:24:51 1970 ./bftpd[3211]: Changed directory to '/mnt/SDCARD/RetroArch/'.
Sat Jan  3 21:24:51 1970 ./bftpd[3211]: Changed directory to '/mnt/SDCARD/RetroArch/'.
Sat Jan  3 21:24:51 1970 ./bftpd[3211]: Client is storing file 'retroarch'.
Sat Jan  3 21:24:53 1970 ./bftpd[3211]: File transmission successful.
Sat Jan  3 21:26:31 1970 ./bftpd[3211]: Quitting.
Sat Jan  3 21:33:41 1970 ./bftpd[785]: Warning: Unable to open /var/log/wtmp.
Sat Jan  3 21:33:41 1970 ./bftpd[785]: Incoming connection from 192.168.1.52.
Sat Jan  3 21:33:41 1970 ./bftpd[785]: Successfully logged in as user 'ftp'.
Sat Jan  3 21:33:41 1970 ./bftpd[785]: Changed directory to '/mnt/SDCARD/'.
Sat Jan  3 21:33:41 1970 ./bftpd[785]: Changed directory to '/mnt/SDCARD/'.
Sat Jan  3 21:33:41 1970 ./bftpd[785]: Client is storing file 'keymon'.
Sat Jan  3 21:33:41 1970 ./bftpd[785]: File transmission successful.
Mon Jan  5 01:49:56 1970 ./bftpd[3393]: Warning: Unable to open /var/log/wtmp.
Mon Jan  5 01:49:56 1970 ./bftpd[3393]: Incoming connection from 192.168.1.52.
Mon Jan  5 01:49:56 1970 ./bftpd[3393]: Successfully logged in as user 'ftp'.
Mon Jan  5 01:49:56 1970 ./bftpd[3393]: Changed directory to '/mnt/SDCARD/miyoo/app/'.
Mon Jan  5 01:50:00 1970 ./bftpd[3393]: Changed directory to '/mnt/SDCARD/miyoo/app/'.
Mon Jan  5 01:50:00 1970 ./bftpd[3393]: Changed directory to '/mnt/SDCARD/miyoo/app/'.
Mon Jan  5 01:50:00 1970 ./bftpd[3393]: Changed directory to '/mnt/SDCARD/miyoo/app/'.
Mon Jan  5 01:50:00 1970 ./bftpd[3393]: Client is receiving file 'config.json'.
Mon Jan  5 01:50:00 1970 ./bftpd[3393]: File transmission of 'config.json' successful.
Mon Jan  5 01:50:00 1970 ./bftpd[3393]: Changed directory to '/mnt/SDCARD/miyoo/app/'.
Mon Jan  5 01:50:14 1970 ./bftpd[3393]: Changed directory to '/mnt/SDCARD/miyoo/app/'.
Mon Jan  5 01:50:18 1970 ./bftpd[3393]: Changed directory to '/mnt/SDCARD/miyoo/app/'.
Mon Jan  5 01:50:18 1970 ./bftpd[3393]: Changed directory to '/mnt/SDCARD/miyoo/app/'.
Mon Jan  5 01:50:18 1970 ./bftpd[3393]: Client is receiving file 'AdobeBlank.ttc'.
Mon Jan  5 01:50:18 1970 ./bftpd[3393]: File transmission of 'AdobeBlank.ttc' successful.
Mon Jan  5 01:50:18 1970 ./bftpd[3393]: Changed directory to '/mnt/SDCARD/miyoo/app/'.
Mon Jan  5 01:50:18 1970 ./bftpd[3393]: Changed directory to '/mnt/SDCARD/miyoo/app/'.
Mon Jan  5 01:50:18 1970 ./bftpd[3393]: Changed directory to '/mnt/SDCARD/miyoo/app/'.
Mon Jan  5 01:50:18 1970 ./bftpd[3393]: Client is receiving file 'AdobeBlank.ttf'.
Mon Jan  5 01:50:18 1970 ./bftpd[3393]: File transmission of 'AdobeBlank.ttf' successful.
Mon Jan  5 01:50:18 1970 ./bftpd[3393]: Changed directory to '/mnt/SDCARD/miyoo/app/'.
Mon Jan  5 01:50:18 1970 ./bftpd[3393]: Changed directory to '/mnt/SDCARD/miyoo/app/'.
Mon Jan  5 01:50:18 1970 ./bftpd[3393]: Changed directory to '/mnt/SDCARD/miyoo/app/'.
Mon Jan  5 01:50:18 1970 ./bftpd[3393]: Client is receiving file 'as_preload.so'.
Mon Jan  5 01:50:18 1970 ./bftpd[3393]: File transmission of 'as_preload.so' successful.
Mon Jan  5 01:50:18 1970 ./bftpd[3393]: Changed directory to '/mnt/SDCARD/miyoo/app/'.
Mon Jan  5 01:50:18 1970 ./bftpd[3393]: Changed directory to '/mnt/SDCARD/miyoo/app/'.
Mon Jan  5 01:50:18 1970 ./bftpd[3393]: Changed directory to '/mnt/SDCARD/miyoo/app/'.
Mon Jan  5 01:50:18 1970 ./bftpd[3393]: Client is receiving file 'audioserver'.
Mon Jan  5 01:50:18 1970 ./bftpd[3393]: File transmission of 'audioserver' successful.
Mon Jan  5 01:50:18 1970 ./bftpd[3393]: Changed directory to '/mnt/SDCARD/miyoo/app/'.
Mon Jan  5 01:50:18 1970 ./bftpd[3393]: Changed directory to '/mnt/SDCARD/miyoo/app/'.
Mon Jan  5 01:50:18 1970 ./bftpd[3393]: Changed directory to '/mnt/SDCARD/miyoo/app/'.
Mon Jan  5 01:50:18 1970 ./bftpd[3393]: Client is receiving file 'BPreplayBold.otf'.
Mon Jan  5 01:50:18 1970 ./bftpd[3393]: File transmission of 'BPreplayBold.otf' successful.
Mon Jan  5 01:50:18 1970 ./bftpd[3393]: Changed directory to '/mnt/SDCARD/miyoo/app/'.
Mon Jan  5 01:50:18 1970 ./bftpd[3393]: Changed directory to '/mnt/SDCARD/miyoo/app/'.
Mon Jan  5 01:50:18 1970 ./bftpd[3393]: Changed directory to '/mnt/SDCARD/miyoo/app/'.
Mon Jan  5 01:50:18 1970 ./bftpd[3393]: Changed directory to '/mnt/SDCARD/miyoo/app/'.
Mon Jan  5 01:50:18 1970 ./bftpd[3393]: Changed directory to '/mnt/SDCARD/miyoo/app/'.
Mon Jan  5 01:50:18 1970 ./bftpd[3393]: Changed directory to '/mnt/SDCARD/miyoo/app/'.
Mon Jan  5 01:50:18 1970 ./bftpd[3393]: Client is receiving file 'Exo-2-Bold-Italic.ttf'.
Mon Jan  5 01:50:18 1970 ./bftpd[3393]: File transmission of 'Exo-2-Bold-Italic.ttf' successful.
Mon Jan  5 01:50:18 1970 ./bftpd[3393]: Changed directory to '/mnt/SDCARD/miyoo/app/'.
Mon Jan  5 01:50:18 1970 ./bftpd[3393]: Changed directory to '/mnt/SDCARD/miyoo/app/'.
Mon Jan  5 01:50:18 1970 ./bftpd[3393]: Changed directory to '/mnt/SDCARD/miyoo/app/'.
Mon Jan  5 01:50:18 1970 ./bftpd[3393]: Client is receiving file 'Exo-2-Bold-Italic_Universal.ttf'.
Mon Jan  5 01:50:20 1970 ./bftpd[3393]: File transmission of 'Exo-2-Bold-Italic_Universal.ttf' successful.
Mon Jan  5 01:50:20 1970 ./bftpd[3393]: Changed directory to '/mnt/SDCARD/miyoo/app/'.
Mon Jan  5 01:50:20 1970 ./bftpd[3393]: Changed directory to '/mnt/SDCARD/miyoo/app/'.
Mon Jan  5 01:50:20 1970 ./bftpd[3393]: Changed directory to '/mnt/SDCARD/miyoo/app/'.
Mon Jan  5 01:50:20 1970 ./bftpd[3393]: Client is receiving file 'Helvetica-Neue-2.ttf'.
Mon Jan  5 01:50:20 1970 ./bftpd[3393]: File transmission of 'Helvetica-Neue-2.ttf' successful.
Mon Jan  5 01:50:20 1970 ./bftpd[3393]: Changed directory to '/mnt/SDCARD/miyoo/app/'.
Mon Jan  5 01:50:20 1970 ./bftpd[3393]: Changed directory to '/mnt/SDCARD/miyoo/app/'.
Mon Jan  5 01:50:20 1970 ./bftpd[3393]: Changed directory to '/mnt/SDCARD/miyoo/app/'.
Mon Jan  5 01:50:20 1970 ./bftpd[3393]: Client is receiving file 'HENB.TTF'.
Mon Jan  5 01:50:20 1970 ./bftpd[3393]: File transmission of 'HENB.TTF' successful.
Mon Jan  5 01:50:20 1970 ./bftpd[3393]: Changed directory to '/mnt/SDCARD/miyoo/app/'.
Mon Jan  5 01:50:20 1970 ./bftpd[3393]: Changed directory to '/mnt/SDCARD/miyoo/app/'.
Mon Jan  5 01:50:20 1970 ./bftpd[3393]: Changed directory to '/mnt/SDCARD/miyoo/app/'.
Mon Jan  5 01:50:20 1970 ./bftpd[3393]: Client is receiving file 'lastDeviceModel'.
Mon Jan  5 01:50:20 1970 ./bftpd[3393]: File transmission of 'lastDeviceModel' successful.
Mon Jan  5 01:50:20 1970 ./bftpd[3393]: Changed directory to '/mnt/SDCARD/miyoo/app/'.
Mon Jan  5 01:50:20 1970 ./bftpd[3393]: Changed directory to '/mnt/SDCARD/miyoo/app/'.
Mon Jan  5 01:50:20 1970 ./bftpd[3393]: Changed directory to '/mnt/SDCARD/miyoo/app/'.
Mon Jan  5 01:50:20 1970 ./bftpd[3393]: Client is receiving file 'MainUI'.
Mon Jan  5 01:50:20 1970 ./bftpd[3393]: File transmission of 'MainUI' successful.
Mon Jan  5 01:50:20 1970 ./bftpd[3393]: Changed directory to '/mnt/SDCARD/miyoo/app/'.
Mon Jan  5 01:50:20 1970 ./bftpd[3393]: Changed directory to '/mnt/SDCARD/miyoo/app/'.
Mon Jan  5 01:50:20 1970 ./bftpd[3393]: Changed directory to '/mnt/SDCARD/miyoo/app/'.
Mon Jan  5 01:50:20 1970 ./bftpd[3393]: Client is receiving file 'MicrosoftYaHeiGB.ttf'.
Mon Jan  5 01:50:21 1970 ./bftpd[3393]: File transmission of 'MicrosoftYaHeiGB.ttf' successful.
Mon Jan  5 01:50:21 1970 ./bftpd[3393]: Changed directory to '/mnt/SDCARD/miyoo/app/'.
Mon Jan  5 01:50:21 1970 ./bftpd[3393]: Changed directory to '/mnt/SDCARD/miyoo/app/'.
Mon Jan  5 01:50:21 1970 ./bftpd[3393]: Changed directory to '/mnt/SDCARD/miyoo/app/'.
Mon Jan  5 01:50:21 1970 ./bftpd[3393]: Client is receiving file 'py.dat'.
Mon Jan  5 01:50:21 1970 ./bftpd[3393]: File transmission of 'py.dat' successful.
Mon Jan  5 01:50:21 1970 ./bftpd[3393]: Changed directory to '/mnt/SDCARD/miyoo/app/'.
Mon Jan  5 01:50:21 1970 ./bftpd[3393]: Changed directory to '/mnt/SDCARD/miyoo/app/'.
Mon Jan  5 01:50:21 1970 ./bftpd[3393]: Changed directory to '/mnt/SDCARD/miyoo/app/'.
Mon Jan  5 01:50:21 1970 ./bftpd[3393]: Client is receiving file 'wpa_cli'.
Mon Jan  5 01:50:21 1970 ./bftpd[3393]: File transmission of 'wpa_cli' successful.
Mon Jan  5 01:50:21 1970 ./bftpd[3393]: Changed directory to '/mnt/SDCARD/miyoo/app/'.
Mon Jan  5 01:50:21 1970 ./bftpd[3393]: Changed directory to '/mnt/SDCARD/miyoo/app/'.
Mon Jan  5 01:50:21 1970 ./bftpd[3393]: Changed directory to '/mnt/SDCARD/miyoo/app/'.
Mon Jan  5 01:50:21 1970 ./bftpd[3393]: Client is receiving file 'wpa_supplicant'.
Mon Jan  5 01:50:21 1970 ./bftpd[3393]: File transmission of 'wpa_supplicant' successful.
Mon Jan  5 01:50:21 1970 ./bftpd[3393]: Changed directory to '/mnt/SDCARD/miyoo/app/'.
Mon Jan  5 01:50:21 1970 ./bftpd[3393]: Changed directory to '/mnt/SDCARD/miyoo/app/'.
Mon Jan  5 01:50:21 1970 ./bftpd[3393]: Changed directory to '/mnt/SDCARD/miyoo/app/'.
Mon Jan  5 01:50:21 1970 ./bftpd[3393]: Client is receiving file 'wqy-microhei.ttc'.
Mon Jan  5 01:50:22 1970 ./bftpd[3393]: File transmission of 'wqy-microhei.ttc' successful.
Mon Jan  5 01:50:22 1970 ./bftpd[3393]: Changed directory to '/mnt/SDCARD/miyoo/app/'.
Mon Jan  5 01:50:27 1970 ./bftpd[3393]: Changed directory to '/mnt/SDCARD/miyoo/lib/'.
Mon Jan  5 01:50:46 1970 ./bftpd[3393]: Changed directory to '/mnt/SDCARD/miyoo/lib/'.
Mon Jan  5 01:50:49 1970 ./bftpd[3393]: Changed directory to '/mnt/SDCARD/miyoo/lib/'.
Mon Jan  5 01:50:49 1970 ./bftpd[3393]: Changed directory to '/mnt/SDCARD/miyoo/lib/'.
Mon Jan  5 01:50:49 1970 ./bftpd[3393]: Client is receiving file 'libasound.so.2'.
Mon Jan  5 01:50:49 1970 ./bftpd[3393]: File transmission of 'libasound.so.2' successful.
Mon Jan  5 01:50:49 1970 ./bftpd[3393]: Changed directory to '/mnt/SDCARD/miyoo/lib/'.
Mon Jan  5 01:50:49 1970 ./bftpd[3393]: Changed directory to '/mnt/SDCARD/miyoo/lib/'.
Mon Jan  5 01:50:49 1970 ./bftpd[3393]: Changed directory to '/mnt/SDCARD/miyoo/lib/'.
Mon Jan  5 01:50:49 1970 ./bftpd[3393]: Client is receiving file 'libasound.so.2.0.0'.
Mon Jan  5 01:50:49 1970 ./bftpd[3393]: File transmission of 'libasound.so.2.0.0' successful.
Mon Jan  5 01:50:49 1970 ./bftpd[3393]: Changed directory to '/mnt/SDCARD/miyoo/lib/'.
Mon Jan  5 01:50:49 1970 ./bftpd[3393]: Changed directory to '/mnt/SDCARD/miyoo/lib/'.
Mon Jan  5 01:50:49 1970 ./bftpd[3393]: Changed directory to '/mnt/SDCARD/miyoo/lib/'.
Mon Jan  5 01:50:49 1970 ./bftpd[3393]: Client is receiving file 'libatopology.so.2'.
Mon Jan  5 01:50:50 1970 ./bftpd[3393]: File transmission of 'libatopology.so.2' successful.
Mon Jan  5 01:50:50 1970 ./bftpd[3393]: Changed directory to '/mnt/SDCARD/miyoo/lib/'.
Mon Jan  5 01:50:50 1970 ./bftpd[3393]: Changed directory to '/mnt/SDCARD/miyoo/lib/'.
Mon Jan  5 01:50:50 1970 ./bftpd[3393]: Changed directory to '/mnt/SDCARD/miyoo/lib/'.
Mon Jan  5 01:50:50 1970 ./bftpd[3393]: Client is receiving file 'libatopology.so.2.0.0'.
Mon Jan  5 01:50:50 1970 ./bftpd[3393]: File transmission of 'libatopology.so.2.0.0' successful.
Mon Jan  5 01:50:50 1970 ./bftpd[3393]: Changed directory to '/mnt/SDCARD/miyoo/lib/'.
Mon Jan  5 01:50:50 1970 ./bftpd[3393]: Changed directory to '/mnt/SDCARD/miyoo/lib/'.
Mon Jan  5 01:50:50 1970 ./bftpd[3393]: Changed directory to '/mnt/SDCARD/miyoo/lib/'.
Mon Jan  5 01:50:50 1970 ./bftpd[3393]: Client is receiving file 'libautoflip.so'.
Mon Jan  5 01:50:50 1970 ./bftpd[3393]: File transmission of 'libautoflip.so' successful.
Mon Jan  5 01:50:50 1970 ./bftpd[3393]: Changed directory to '/mnt/SDCARD/miyoo/lib/'.
Mon Jan  5 01:50:50 1970 ./bftpd[3393]: Changed directory to '/mnt/SDCARD/miyoo/lib/'.
Mon Jan  5 01:50:50 1970 ./bftpd[3393]: Changed directory to '/mnt/SDCARD/miyoo/lib/'.
Mon Jan  5 01:50:50 1970 ./bftpd[3393]: Client is receiving file 'libbz2.so'.
Mon Jan  5 01:50:50 1970 ./bftpd[3393]: File transmission of 'libbz2.so' successful.
Mon Jan  5 01:50:50 1970 ./bftpd[3393]: Changed directory to '/mnt/SDCARD/miyoo/lib/'.
Mon Jan  5 01:50:50 1970 ./bftpd[3393]: Changed directory to '/mnt/SDCARD/miyoo/lib/'.
Mon Jan  5 01:50:50 1970 ./bftpd[3393]: Changed directory to '/mnt/SDCARD/miyoo/lib/'.
Mon Jan  5 01:50:50 1970 ./bftpd[3393]: Client is receiving file 'libbz2.so.1.0'.
Mon Jan  5 01:50:50 1970 ./bftpd[3393]: File transmission of 'libbz2.so.1.0' successful.
Mon Jan  5 01:50:50 1970 ./bftpd[3393]: Changed directory to '/mnt/SDCARD/miyoo/lib/'.
Mon Jan  5 01:50:50 1970 ./bftpd[3393]: Changed directory to '/mnt/SDCARD/miyoo/lib/'.
Mon Jan  5 01:50:50 1970 ./bftpd[3393]: Changed directory to '/mnt/SDCARD/miyoo/lib/'.
Mon Jan  5 01:50:50 1970 ./bftpd[3393]: Client is receiving file 'libbz2.so.1.0.6'.
Mon Jan  5 01:50:50 1970 ./bftpd[3393]: File transmission of 'libbz2.so.1.0.6' successful.
Mon Jan  5 01:50:50 1970 ./bftpd[3393]: Changed directory to '/mnt/SDCARD/miyoo/lib/'.
Mon Jan  5 01:50:50 1970 ./bftpd[3393]: Changed directory to '/mnt/SDCARD/miyoo/lib/'.
Mon Jan  5 01:50:50 1970 ./bftpd[3393]: Changed directory to '/mnt/SDCARD/miyoo/lib/'.
Mon Jan  5 01:50:50 1970 ./bftpd[3393]: Client is receiving file 'libfreetype.so'.
Mon Jan  5 01:50:50 1970 ./bftpd[3393]: File transmission of 'libfreetype.so' successful.
Mon Jan  5 01:50:50 1970 ./bftpd[3393]: Changed directory to '/mnt/SDCARD/miyoo/lib/'.
Mon Jan  5 01:50:50 1970 ./bftpd[3393]: Changed directory to '/mnt/SDCARD/miyoo/lib/'.
Mon Jan  5 01:50:50 1970 ./bftpd[3393]: Changed directory to '/mnt/SDCARD/miyoo/lib/'.
Mon Jan  5 01:50:50 1970 ./bftpd[3393]: Client is receiving file 'libfreetype.so.6'.
Mon Jan  5 01:50:50 1970 ./bftpd[3393]: File transmission of 'libfreetype.so.6' successful.
Mon Jan  5 01:50:50 1970 ./bftpd[3393]: Changed directory to '/mnt/SDCARD/miyoo/lib/'.
Mon Jan  5 01:50:50 1970 ./bftpd[3393]: Changed directory to '/mnt/SDCARD/miyoo/lib/'.
Mon Jan  5 01:50:50 1970 ./bftpd[3393]: Changed directory to '/mnt/SDCARD/miyoo/lib/'.
Mon Jan  5 01:50:50 1970 ./bftpd[3393]: Client is receiving file 'libfreetype.so.6.17.1'.
Mon Jan  5 01:50:50 1970 ./bftpd[3393]: File transmission of 'libfreetype.so.6.17.1' successful.
Mon Jan  5 01:50:51 1970 ./bftpd[3393]: Changed directory to '/mnt/SDCARD/miyoo/lib/'.
Mon Jan  5 01:50:51 1970 ./bftpd[3393]: Changed directory to '/mnt/SDCARD/miyoo/lib/'.
Mon Jan  5 01:50:51 1970 ./bftpd[3393]: Changed directory to '/mnt/SDCARD/miyoo/lib/'.
Mon Jan  5 01:50:51 1970 ./bftpd[3393]: Client is receiving file 'libgamename.so'.
Mon Jan  5 01:50:51 1970 ./bftpd[3393]: File transmission of 'libgamename.so' successful.
Mon Jan  5 01:50:51 1970 ./bftpd[3393]: Changed directory to '/mnt/SDCARD/miyoo/lib/'.
Mon Jan  5 01:50:51 1970 ./bftpd[3393]: Changed directory to '/mnt/SDCARD/miyoo/lib/'.
Mon Jan  5 01:50:51 1970 ./bftpd[3393]: Changed directory to '/mnt/SDCARD/miyoo/lib/'.
Mon Jan  5 01:50:51 1970 ./bftpd[3393]: Client is receiving file 'libltdl.so'.
Mon Jan  5 01:50:51 1970 ./bftpd[3393]: File transmission of 'libltdl.so' successful.
Mon Jan  5 01:50:51 1970 ./bftpd[3393]: Changed directory to '/mnt/SDCARD/miyoo/lib/'.
Mon Jan  5 01:50:51 1970 ./bftpd[3393]: Changed directory to '/mnt/SDCARD/miyoo/lib/'.
Mon Jan  5 01:50:51 1970 ./bftpd[3393]: Changed directory to '/mnt/SDCARD/miyoo/lib/'.
Mon Jan  5 01:50:51 1970 ./bftpd[3393]: Client is receiving file 'libltdl.so.7'.
Mon Jan  5 01:50:51 1970 ./bftpd[3393]: File transmission of 'libltdl.so.7' successful.
Mon Jan  5 01:50:51 1970 ./bftpd[3393]: Changed directory to '/mnt/SDCARD/miyoo/lib/'.
Mon Jan  5 01:50:51 1970 ./bftpd[3393]: Changed directory to '/mnt/SDCARD/miyoo/lib/'.
Mon Jan  5 01:50:51 1970 ./bftpd[3393]: Changed directory to '/mnt/SDCARD/miyoo/lib/'.
Mon Jan  5 01:50:51 1970 ./bftpd[3393]: Client is receiving file 'libltdl.so.7.3.1'.
Mon Jan  5 01:50:51 1970 ./bftpd[3393]: File transmission of 'libltdl.so.7.3.1' successful.
Mon Jan  5 01:50:51 1970 ./bftpd[3393]: Changed directory to '/mnt/SDCARD/miyoo/lib/'.
Mon Jan  5 01:50:51 1970 ./bftpd[3393]: Changed directory to '/mnt/SDCARD/miyoo/lib/'.
Mon Jan  5 01:50:51 1970 ./bftpd[3393]: Changed directory to '/mnt/SDCARD/miyoo/lib/'.
Mon Jan  5 01:50:51 1970 ./bftpd[3393]: Client is receiving file 'libmad.so'.
Mon Jan  5 01:50:51 1970 ./bftpd[3393]: File transmission of 'libmad.so' successful.
Mon Jan  5 01:50:51 1970 ./bftpd[3393]: Changed directory to '/mnt/SDCARD/miyoo/lib/'.
Mon Jan  5 01:50:51 1970 ./bftpd[3393]: Changed directory to '/mnt/SDCARD/miyoo/lib/'.
Mon Jan  5 01:50:51 1970 ./bftpd[3393]: Changed directory to '/mnt/SDCARD/miyoo/lib/'.
Mon Jan  5 01:50:51 1970 ./bftpd[3393]: Client is receiving file 'libmad.so.0'.
Mon Jan  5 01:50:51 1970 ./bftpd[3393]: File transmission of 'libmad.so.0' successful.
Mon Jan  5 01:50:51 1970 ./bftpd[3393]: Changed directory to '/mnt/SDCARD/miyoo/lib/'.
Mon Jan  5 01:50:51 1970 ./bftpd[3393]: Changed directory to '/mnt/SDCARD/miyoo/lib/'.
Mon Jan  5 01:50:51 1970 ./bftpd[3393]: Changed directory to '/mnt/SDCARD/miyoo/lib/'.
Mon Jan  5 01:50:51 1970 ./bftpd[3393]: Client is receiving file 'libmad.so.0.2.1'.
Mon Jan  5 01:50:51 1970 ./bftpd[3393]: File transmission of 'libmad.so.0.2.1' successful.
Mon Jan  5 01:50:51 1970 ./bftpd[3393]: Changed directory to '/mnt/SDCARD/miyoo/lib/'.
Mon Jan  5 01:50:51 1970 ./bftpd[3393]: Changed directory to '/mnt/SDCARD/miyoo/lib/'.
Mon Jan  5 01:50:51 1970 ./bftpd[3393]: Changed directory to '/mnt/SDCARD/miyoo/lib/'.
Mon Jan  5 01:50:51 1970 ./bftpd[3393]: Client is receiving file 'libnl-tiny.so'.
Mon Jan  5 01:50:51 1970 ./bftpd[3393]: File transmission of 'libnl-tiny.so' successful.
Mon Jan  5 01:50:51 1970 ./bftpd[3393]: Changed directory to '/mnt/SDCARD/miyoo/lib/'.
Mon Jan  5 01:50:51 1970 ./bftpd[3393]: Changed directory to '/mnt/SDCARD/miyoo/lib/'.
Mon Jan  5 01:50:51 1970 ./bftpd[3393]: Changed directory to '/mnt/SDCARD/miyoo/lib/'.
Mon Jan  5 01:50:51 1970 ./bftpd[3393]: Client is receiving file 'libpadsp.so'.
Mon Jan  5 01:50:51 1970 ./bftpd[3393]: File transmission of 'libpadsp.so' successful.
Mon Jan  5 01:50:51 1970 ./bftpd[3393]: Changed directory to '/mnt/SDCARD/miyoo/lib/'.
Mon Jan  5 01:50:51 1970 ./bftpd[3393]: Changed directory to '/mnt/SDCARD/miyoo/lib/'.
Mon Jan  5 01:50:51 1970 ./bftpd[3393]: Changed directory to '/mnt/SDCARD/miyoo/lib/'.
Mon Jan  5 01:50:51 1970 ./bftpd[3393]: Client is receiving file 'libpng.so'.
Mon Jan  5 01:50:52 1970 ./bftpd[3393]: File transmission of 'libpng.so' successful.
Mon Jan  5 01:50:52 1970 ./bftpd[3393]: Changed directory to '/mnt/SDCARD/miyoo/lib/'.
Mon Jan  5 01:50:52 1970 ./bftpd[3393]: Changed directory to '/mnt/SDCARD/miyoo/lib/'.
Mon Jan  5 01:50:52 1970 ./bftpd[3393]: Changed directory to '/mnt/SDCARD/miyoo/lib/'.
Mon Jan  5 01:50:52 1970 ./bftpd[3393]: Client is receiving file 'libpng.so.3'.
Mon Jan  5 01:50:52 1970 ./bftpd[3393]: File transmission of 'libpng.so.3' successful.
Mon Jan  5 01:50:52 1970 ./bftpd[3393]: Changed directory to '/mnt/SDCARD/miyoo/lib/'.
Mon Jan  5 01:50:52 1970 ./bftpd[3393]: Changed directory to '/mnt/SDCARD/miyoo/lib/'.
Mon Jan  5 01:50:52 1970 ./bftpd[3393]: Changed directory to '/mnt/SDCARD/miyoo/lib/'.
Mon Jan  5 01:50:52 1970 ./bftpd[3393]: Client is receiving file 'libpng.so.3.56.0'.
Mon Jan  5 01:50:52 1970 ./bftpd[3393]: File transmission of 'libpng.so.3.56.0' successful.
Mon Jan  5 01:50:52 1970 ./bftpd[3393]: Changed directory to '/mnt/SDCARD/miyoo/lib/'.
Mon Jan  5 01:50:52 1970 ./bftpd[3393]: Changed directory to '/mnt/SDCARD/miyoo/lib/'.
Mon Jan  5 01:50:52 1970 ./bftpd[3393]: Changed directory to '/mnt/SDCARD/miyoo/lib/'.
Mon Jan  5 01:50:52 1970 ./bftpd[3393]: Client is receiving file 'libpng12.so'.
Mon Jan  5 01:50:52 1970 ./bftpd[3393]: File transmission of 'libpng12.so' successful.
Mon Jan  5 01:50:52 1970 ./bftpd[3393]: Changed directory to '/mnt/SDCARD/miyoo/lib/'.
Mon Jan  5 01:50:52 1970 ./bftpd[3393]: Changed directory to '/mnt/SDCARD/miyoo/lib/'.
Mon Jan  5 01:50:52 1970 ./bftpd[3393]: Changed directory to '/mnt/SDCARD/miyoo/lib/'.
Mon Jan  5 01:50:52 1970 ./bftpd[3393]: Client is receiving file 'libpng12.so.0'.
Mon Jan  5 01:50:52 1970 ./bftpd[3393]: File transmission of 'libpng12.so.0' successful.
Mon Jan  5 01:50:52 1970 ./bftpd[3393]: Changed directory to '/mnt/SDCARD/miyoo/lib/'.
Mon Jan  5 01:50:52 1970 ./bftpd[3393]: Changed directory to '/mnt/SDCARD/miyoo/lib/'.
Mon Jan  5 01:50:52 1970 ./bftpd[3393]: Changed directory to '/mnt/SDCARD/miyoo/lib/'.
Mon Jan  5 01:50:52 1970 ./bftpd[3393]: Client is receiving file 'libpng12.so.0.56.0'.
Mon Jan  5 01:50:52 1970 ./bftpd[3393]: File transmission of 'libpng12.so.0.56.0' successful.
Mon Jan  5 01:50:52 1970 ./bftpd[3393]: Changed directory to '/mnt/SDCARD/miyoo/lib/'.
Mon Jan  5 01:50:52 1970 ./bftpd[3393]: Changed directory to '/mnt/SDCARD/miyoo/lib/'.
Mon Jan  5 01:50:52 1970 ./bftpd[3393]: Changed directory to '/mnt/SDCARD/miyoo/lib/'.
Mon Jan  5 01:50:52 1970 ./bftpd[3393]: Client is receiving file 'librsautil.so'.
Mon Jan  5 01:50:52 1970 ./bftpd[3393]: File transmission of 'librsautil.so' successful.
Mon Jan  5 01:50:52 1970 ./bftpd[3393]: Changed directory to '/mnt/SDCARD/miyoo/lib/'.
Mon Jan  5 01:50:52 1970 ./bftpd[3393]: Changed directory to '/mnt/SDCARD/miyoo/lib/'.
Mon Jan  5 01:50:52 1970 ./bftpd[3393]: Changed directory to '/mnt/SDCARD/miyoo/lib/'.
Mon Jan  5 01:50:52 1970 ./bftpd[3393]: Client is receiving file 'libSDL.so'.
Mon Jan  5 01:50:53 1970 ./bftpd[3393]: File transmission of 'libSDL.so' successful.
Mon Jan  5 01:50:53 1970 ./bftpd[3393]: Changed directory to '/mnt/SDCARD/miyoo/lib/'.
Mon Jan  5 01:50:53 1970 ./bftpd[3393]: Changed directory to '/mnt/SDCARD/miyoo/lib/'.
Mon Jan  5 01:50:53 1970 ./bftpd[3393]: Changed directory to '/mnt/SDCARD/miyoo/lib/'.
Mon Jan  5 01:50:53 1970 ./bftpd[3393]: Client is receiving file 'libSDL_image.so'.
Mon Jan  5 01:50:53 1970 ./bftpd[3393]: File transmission of 'libSDL_image.so' successful.
Mon Jan  5 01:50:53 1970 ./bftpd[3393]: Changed directory to '/mnt/SDCARD/miyoo/lib/'.
Mon Jan  5 01:50:53 1970 ./bftpd[3393]: Changed directory to '/mnt/SDCARD/miyoo/lib/'.
Mon Jan  5 01:50:53 1970 ./bftpd[3393]: Changed directory to '/mnt/SDCARD/miyoo/lib/'.
Mon Jan  5 01:50:53 1970 ./bftpd[3393]: Client is receiving file 'libSDL_image-1.2.so.0'.
Mon Jan  5 01:50:53 1970 ./bftpd[3393]: File transmission of 'libSDL_image-1.2.so.0' successful.
Mon Jan  5 01:50:53 1970 ./bftpd[3393]: Changed directory to '/mnt/SDCARD/miyoo/lib/'.
Mon Jan  5 01:50:53 1970 ./bftpd[3393]: Changed directory to '/mnt/SDCARD/miyoo/lib/'.
Mon Jan  5 01:50:53 1970 ./bftpd[3393]: Changed directory to '/mnt/SDCARD/miyoo/lib/'.
Mon Jan  5 01:50:53 1970 ./bftpd[3393]: Client is receiving file 'libSDL_image-1.2.so.0.8.4'.
Mon Jan  5 01:50:53 1970 ./bftpd[3393]: File transmission of 'libSDL_image-1.2.so.0.8.4' successful.
Mon Jan  5 01:50:53 1970 ./bftpd[3393]: Changed directory to '/mnt/SDCARD/miyoo/lib/'.
Mon Jan  5 01:50:53 1970 ./bftpd[3393]: Changed directory to '/mnt/SDCARD/miyoo/lib/'.
Mon Jan  5 01:50:53 1970 ./bftpd[3393]: Changed directory to '/mnt/SDCARD/miyoo/lib/'.
Mon Jan  5 01:50:53 1970 ./bftpd[3393]: Client is receiving file 'libSDL_mixer.so'.
Mon Jan  5 01:50:53 1970 ./bftpd[3393]: File transmission of 'libSDL_mixer.so' successful.
Mon Jan  5 01:50:53 1970 ./bftpd[3393]: Changed directory to '/mnt/SDCARD/miyoo/lib/'.
Mon Jan  5 01:50:53 1970 ./bftpd[3393]: Changed directory to '/mnt/SDCARD/miyoo/lib/'.
Mon Jan  5 01:50:53 1970 ./bftpd[3393]: Changed directory to '/mnt/SDCARD/miyoo/lib/'.
Mon Jan  5 01:50:53 1970 ./bftpd[3393]: Client is receiving file 'libSDL_mixer-1.2.so.0'.
Mon Jan  5 01:50:53 1970 ./bftpd[3393]: File transmission of 'libSDL_mixer-1.2.so.0' successful.
Mon Jan  5 01:50:53 1970 ./bftpd[3393]: Changed directory to '/mnt/SDCARD/miyoo/lib/'.
Mon Jan  5 01:50:53 1970 ./bftpd[3393]: Changed directory to '/mnt/SDCARD/miyoo/lib/'.
Mon Jan  5 01:50:53 1970 ./bftpd[3393]: Changed directory to '/mnt/SDCARD/miyoo/lib/'.
Mon Jan  5 01:50:53 1970 ./bftpd[3393]: Client is receiving file 'libSDL_mixer-1.2.so.0.12.0'.
Mon Jan  5 01:50:53 1970 ./bftpd[3393]: File transmission of 'libSDL_mixer-1.2.so.0.12.0' successful.
Mon Jan  5 01:50:53 1970 ./bftpd[3393]: Changed directory to '/mnt/SDCARD/miyoo/lib/'.
Mon Jan  5 01:50:53 1970 ./bftpd[3393]: Changed directory to '/mnt/SDCARD/miyoo/lib/'.
Mon Jan  5 01:50:53 1970 ./bftpd[3393]: Changed directory to '/mnt/SDCARD/miyoo/lib/'.
Mon Jan  5 01:50:53 1970 ./bftpd[3393]: Client is receiving file 'libSDL_ttf.so'.
Mon Jan  5 01:50:53 1970 ./bftpd[3393]: File transmission of 'libSDL_ttf.so' successful.
Mon Jan  5 01:50:53 1970 ./bftpd[3393]: Changed directory to '/mnt/SDCARD/miyoo/lib/'.
Mon Jan  5 01:50:53 1970 ./bftpd[3393]: Changed directory to '/mnt/SDCARD/miyoo/lib/'.
Mon Jan  5 01:50:53 1970 ./bftpd[3393]: Changed directory to '/mnt/SDCARD/miyoo/lib/'.
Mon Jan  5 01:50:53 1970 ./bftpd[3393]: Client is receiving file 'libSDL_ttf-2.0.so.0'.
Mon Jan  5 01:50:53 1970 ./bftpd[3393]: File transmission of 'libSDL_ttf-2.0.so.0' successful.
Mon Jan  5 01:50:53 1970 ./bftpd[3393]: Changed directory to '/mnt/SDCARD/miyoo/lib/'.
Mon Jan  5 01:50:53 1970 ./bftpd[3393]: Changed directory to '/mnt/SDCARD/miyoo/lib/'.
Mon Jan  5 01:50:53 1970 ./bftpd[3393]: Changed directory to '/mnt/SDCARD/miyoo/lib/'.
Mon Jan  5 01:50:53 1970 ./bftpd[3393]: Client is receiving file 'libSDL_ttf-2.0.so.0.10.1'.
Mon Jan  5 01:50:54 1970 ./bftpd[3393]: File transmission of 'libSDL_ttf-2.0.so.0.10.1' successful.
Mon Jan  5 01:50:54 1970 ./bftpd[3393]: Changed directory to '/mnt/SDCARD/miyoo/lib/'.
Mon Jan  5 01:50:54 1970 ./bftpd[3393]: Changed directory to '/mnt/SDCARD/miyoo/lib/'.
Mon Jan  5 01:50:54 1970 ./bftpd[3393]: Changed directory to '/mnt/SDCARD/miyoo/lib/'.
Mon Jan  5 01:50:54 1970 ./bftpd[3393]: Client is receiving file 'libSDL-1.2.so.0'.
Mon Jan  5 01:50:54 1970 ./bftpd[3393]: File transmission of 'libSDL-1.2.so.0' successful.
Mon Jan  5 01:50:54 1970 ./bftpd[3393]: Changed directory to '/mnt/SDCARD/miyoo/lib/'.
Mon Jan  5 01:50:54 1970 ./bftpd[3393]: Changed directory to '/mnt/SDCARD/miyoo/lib/'.
Mon Jan  5 01:50:54 1970 ./bftpd[3393]: Changed directory to '/mnt/SDCARD/miyoo/lib/'.
Mon Jan  5 01:50:54 1970 ./bftpd[3393]: Client is receiving file 'libSDL-1.2.so.0.11.4'.
Mon Jan  5 01:50:54 1970 ./bftpd[3393]: File transmission of 'libSDL-1.2.so.0.11.4' successful.
Mon Jan  5 01:50:54 1970 ./bftpd[3393]: Changed directory to '/mnt/SDCARD/miyoo/lib/'.
Mon Jan  5 01:50:54 1970 ./bftpd[3393]: Changed directory to '/mnt/SDCARD/miyoo/lib/'.
Mon Jan  5 01:50:54 1970 ./bftpd[3393]: Changed directory to '/mnt/SDCARD/miyoo/lib/'.
Mon Jan  5 01:50:54 1970 ./bftpd[3393]: Client is receiving file 'libshmvar.so'.
Mon Jan  5 01:50:54 1970 ./bftpd[3393]: File transmission of 'libshmvar.so' successful.
Mon Jan  5 01:50:54 1970 ./bftpd[3393]: Changed directory to '/mnt/SDCARD/miyoo/lib/'.
Mon Jan  5 01:50:54 1970 ./bftpd[3393]: Changed directory to '/mnt/SDCARD/miyoo/lib/'.
Mon Jan  5 01:50:54 1970 ./bftpd[3393]: Changed directory to '/mnt/SDCARD/miyoo/lib/'.
Mon Jan  5 01:50:54 1970 ./bftpd[3393]: Client is receiving file 'libssgfx.so'.
Mon Jan  5 01:50:54 1970 ./bftpd[3393]: File transmission of 'libssgfx.so' successful.
Mon Jan  5 01:50:54 1970 ./bftpd[3393]: Changed directory to '/mnt/SDCARD/miyoo/lib/'.
Mon Jan  5 01:50:54 1970 ./bftpd[3393]: Changed directory to '/mnt/SDCARD/miyoo/lib/'.
Mon Jan  5 01:50:54 1970 ./bftpd[3393]: Changed directory to '/mnt/SDCARD/miyoo/lib/'.
Mon Jan  5 01:50:54 1970 ./bftpd[3393]: Client is receiving file 'libtmenu.so'.
Mon Jan  5 01:50:54 1970 ./bftpd[3393]: File transmission of 'libtmenu.so' successful.
Mon Jan  5 01:50:54 1970 ./bftpd[3393]: Changed directory to '/mnt/SDCARD/miyoo/lib/'.
Mon Jan  5 01:50:55 1970 ./bftpd[3393]: Changed directory to '/mnt/SDCARD/miyoo/lib/'.
Mon Jan  5 01:50:55 1970 ./bftpd[3393]: Changed directory to '/mnt/SDCARD/miyoo/lib/'.
Mon Jan  5 01:50:55 1970 ./bftpd[3393]: Client is receiving file 'libwifi_api.so'.
Mon Jan  5 01:50:55 1970 ./bftpd[3393]: File transmission of 'libwifi_api.so' successful.
Mon Jan  5 01:50:55 1970 ./bftpd[3393]: Changed directory to '/mnt/SDCARD/miyoo/lib/'.
Mon Jan  5 01:50:55 1970 ./bftpd[3393]: Changed directory to '/mnt/SDCARD/miyoo/lib/'.
Mon Jan  5 01:50:55 1970 ./bftpd[3393]: Changed directory to '/mnt/SDCARD/miyoo/lib/'.
Mon Jan  5 01:50:55 1970 ./bftpd[3393]: Client is receiving file 'libz.so'.
Mon Jan  5 01:50:55 1970 ./bftpd[3393]: File transmission of 'libz.so' successful.
Mon Jan  5 01:50:55 1970 ./bftpd[3393]: Changed directory to '/mnt/SDCARD/miyoo/lib/'.
Mon Jan  5 01:50:55 1970 ./bftpd[3393]: Changed directory to '/mnt/SDCARD/miyoo/lib/'.
Mon Jan  5 01:50:55 1970 ./bftpd[3393]: Changed directory to '/mnt/SDCARD/miyoo/lib/'.
Mon Jan  5 01:50:55 1970 ./bftpd[3393]: Client is receiving file 'libz.so.1'.
Mon Jan  5 01:50:55 1970 ./bftpd[3393]: File transmission of 'libz.so.1' successful.
Mon Jan  5 01:50:55 1970 ./bftpd[3393]: Changed directory to '/mnt/SDCARD/miyoo/lib/'.
Mon Jan  5 01:50:55 1970 ./bftpd[3393]: Changed directory to '/mnt/SDCARD/miyoo/lib/'.
Mon Jan  5 01:50:55 1970 ./bftpd[3393]: Changed directory to '/mnt/SDCARD/miyoo/lib/'.
Mon Jan  5 01:50:55 1970 ./bftpd[3393]: Client is receiving file 'libz.so.1.2.11'.
Mon Jan  5 01:50:55 1970 ./bftpd[3393]: File transmission of 'libz.so.1.2.11' successful.
Mon Jan  5 01:50:55 1970 ./bftpd[3393]: Changed directory to '/mnt/SDCARD/miyoo/lib/'.
Mon Jan  5 01:50:55 1970 ./bftpd[3393]: Changed directory to '/mnt/SDCARD/miyoo/lib/'.
Mon Jan  5 01:50:55 1970 ./bftpd[3393]: Changed directory to '/mnt/SDCARD/miyoo/lib/'.
Mon Jan  5 01:50:55 1970 ./bftpd[3393]: Client is receiving file 'libz.so.1.2.8'.
Mon Jan  5 01:50:55 1970 ./bftpd[3393]: File transmission of 'libz.so.1.2.8' successful.
Mon Jan  5 01:50:55 1970 ./bftpd[3393]: Changed directory to '/mnt/SDCARD/miyoo/lib/'.
Mon Jan  5 05:58:34 1970 ./bftpd[3192]: Warning: Unable to open /var/log/wtmp.
Mon Jan  5 05:58:34 1970 ./bftpd[3192]: Incoming connection from 192.168.1.52.
Mon Jan  5 05:58:34 1970 ./bftpd[3192]: Successfully logged in as user 'ftp'.
Mon Jan  5 05:58:34 1970 ./bftpd[3192]: Changed directory to '/mnt/SDCARD/Saves/'.
Mon Jan  5 05:58:38 1970 ./bftpd[3192]: Changed directory to '/mnt/SDCARD/Saves/CurrentProfile/'.
Mon Jan  5 05:58:43 1970 ./bftpd[3192]: Changed directory to '/mnt/SDCARD/Saves/CurrentProfile/saves/'.
Mon Jan  5 05:58:47 1970 ./bftpd[3192]: Changed directory to '/mnt/SDCARD/Saves/CurrentProfile/saves/'.
Mon Jan  5 05:58:47 1970 ./bftpd[3192]: Changed directory to '/mnt/SDCARD/Saves/CurrentProfile/saves/'.
Mon Jan  5 05:58:55 1970 ./bftpd[3192]: Changed directory to '/mnt/SDCARD/Saves/CurrentProfile/saves/'.
Mon Jan  5 05:58:55 1970 ./bftpd[3192]: Successfully renamed '/mnt/SDCARD/Saves/CurrentProfile/saves/playActivity.db' to '/mnt/SDCARD/Saves/CurrentProfile/saves/playActivity_.db'.
Mon Jan  5 05:58:56 1970 ./bftpd[3192]: Changed directory to '/mnt/SDCARD/Saves/CurrentProfile/saves/'.
Mon Jan  5 05:58:56 1970 ./bftpd[3192]: Changed directory to '/mnt/SDCARD/Saves/CurrentProfile/saves/'.
Mon Jan  5 05:58:56 1970 ./bftpd[3192]: Changed directory to '/mnt/SDCARD/Saves/CurrentProfile/saves/'.
Mon Jan  5 05:58:57 1970 ./bftpd[3192]: Client is storing file 'playActivity.db'.
Mon Jan  5 05:58:57 1970 ./bftpd[3192]: File transmission successful.
Mon Jan  5 05:59:39 1970 ./bftpd[3192]: Quitting.
Mon Jan  5 06:03:36 1970 ./bftpd[1290]: Warning: Unable to open /var/log/wtmp.
Mon Jan  5 06:03:36 1970 ./bftpd[1290]: Incoming connection from 192.168.1.52.
Mon Jan  5 06:03:36 1970 ./bftpd[1290]: Successfully logged in as user 'ftp'.
Mon Jan  5 06:03:36 1970 ./bftpd[1290]: Changed directory to '/mnt/SDCARD/App/'.
Mon Jan  5 06:03:49 1970 ./bftpd[1290]: Changed directory to '/mnt/SDCARD/App/PlayActivity/'.
Mon Jan  5 06:03:51 1970 ./bftpd[1290]: Changed directory to '/mnt/SDCARD/App/PlayActivity/'.
Mon Jan  5 06:03:51 1970 ./bftpd[1290]: Changed directory to '/mnt/SDCARD/App/PlayActivity/'.
Mon Jan  5 06:03:54 1970 ./bftpd[1290]: Changed directory to '/mnt/SDCARD/App/PlayActivity/'.
Mon Jan  5 06:03:54 1970 ./bftpd[1290]: Client is storing file 'playActivityUI'.
Mon Jan  5 06:03:54 1970 ./bftpd[1290]: File transmission successful.
Mon Jan  5 06:04:07 1970 ./bftpd[1290]: Changed directory to '/mnt/SDCARD/App/PlayActivity/'.
Mon Jan  5 06:04:07 1970 ./bftpd[1290]: Changed directory to '/mnt/SDCARD/App/PlayActivity/'.
Mon Jan  5 06:04:09 1970 ./bftpd[1290]: Changed directory to '/mnt/SDCARD/App/PlayActivity/'.
Mon Jan  5 06:04:09 1970 ./bftpd[1290]: Client is storing file 'playActivityUI'.
Mon Jan  5 06:04:09 1970 ./bftpd[1290]: File transmission successful.
Mon Jan  5 06:04:38 1970 ./bftpd[1290]: Changed directory to '/mnt/SDCARD/App/PlayActivity/'.
Mon Jan  5 06:04:39 1970 ./bftpd[1290]: Deleted file 'playActivityUI'.
Mon Jan  5 06:04:51 1970 ./bftpd[1290]: Changed directory to '/mnt/SDCARD/App/PlayActivity/'.
Mon Jan  5 06:04:51 1970 ./bftpd[1290]: Changed directory to '/mnt/SDCARD/App/PlayActivity/'.
Mon Jan  5 06:04:51 1970 ./bftpd[1290]: Changed directory to '/mnt/SDCARD/App/PlayActivity/'.
Mon Jan  5 06:04:52 1970 ./bftpd[1290]: Client is storing file 'playActivityUI'.
Mon Jan  5 06:04:53 1970 ./bftpd[1290]: File transmission successful.
Mon Jan  5 06:05:12 1970 ./bftpd[1290]: Changed directory to '/mnt/SDCARD/App/PlayActivity/'.
Mon Jan  5 06:05:12 1970 ./bftpd[1290]: Changed directory to '/mnt/SDCARD/App/PlayActivity/'.
Mon Jan  5 06:05:14 1970 ./bftpd[1290]: Changed directory to '/mnt/SDCARD/App/PlayActivity/'.
Mon Jan  5 06:05:14 1970 ./bftpd[1290]: Error: 'Text file busy' while trying to store file 'playActivityUI'.
Mon Jan  5 06:05:14 1970 ./bftpd[2383]: Warning: Unable to open /var/log/wtmp.
Mon Jan  5 06:05:14 1970 ./bftpd[2383]: Incoming connection from 192.168.1.52.
Mon Jan  5 06:05:14 1970 ./bftpd[2383]: Successfully logged in as user 'ftp'.
Mon Jan  5 06:05:14 1970 ./bftpd[2383]: Changed directory to '/mnt/SDCARD/App/PlayActivity/'.
Mon Jan  5 06:05:14 1970 ./bftpd[2383]: Deleted file 'playActivityUI'.
Mon Jan  5 06:05:16 1970 ./bftpd[2383]: Quitting.
Mon Jan  5 06:05:21 1970 ./bftpd[1290]: Changed directory to '/mnt/SDCARD/App/PlayActivity/'.
Mon Jan  5 06:05:22 1970 ./bftpd[1290]: Changed directory to '/mnt/SDCARD/App/PlayActivity/'.
Mon Jan  5 06:05:22 1970 ./bftpd[1290]: Changed directory to '/mnt/SDCARD/App/PlayActivity/'.
Mon Jan  5 06:05:22 1970 ./bftpd[1290]: Client is storing file 'playActivityUI'.
Mon Jan  5 06:05:22 1970 ./bftpd[1290]: File transmission successful.
Mon Jan  5 06:05:47 1970 ./bftpd[1290]: Changed directory to '/mnt/SDCARD/App/PlayActivity/'.
Mon Jan  5 06:05:47 1970 ./bftpd[1290]: Changed directory to '/mnt/SDCARD/App/PlayActivity/'.
Mon Jan  5 06:05:47 1970 ./bftpd[1290]: Changed directory to '/mnt/SDCARD/App/PlayActivity/'.
Mon Jan  5 06:05:47 1970 ./bftpd[1290]: Client is receiving file 'playActivityUI'.
Mon Jan  5 06:05:47 1970 ./bftpd[1290]: File transmission of 'playActivityUI' successful.
Mon Jan  5 06:05:47 1970 ./bftpd[1290]: Changed directory to '/mnt/SDCARD/App/PlayActivity/'.
Mon Jan  5 06:05:52 1970 ./bftpd[1290]: Changed directory to '/mnt/SDCARD/App/PlayActivity/'.
Mon Jan  5 06:05:52 1970 ./bftpd[1290]: Changed directory to '/mnt/SDCARD/App/PlayActivity/'.
Mon Jan  5 06:05:55 1970 ./bftpd[1290]: Changed directory to '/mnt/SDCARD/App/PlayActivity/'.
Mon Jan  5 06:05:55 1970 ./bftpd[1290]: Client is storing file 'playActivityUI'.
Mon Jan  5 06:05:55 1970 ./bftpd[1290]: File transmission successful.
Mon Jan  5 06:05:59 1970 ./bftpd[1290]: Changed directory to '/mnt/SDCARD/App/PlayActivity/'.
Mon Jan  5 06:05:59 1970 ./bftpd[1290]: Changed directory to '/mnt/SDCARD/App/PlayActivity/'.
Mon Jan  5 06:06:02 1970 ./bftpd[1290]: Changed directory to '/mnt/SDCARD/App/PlayActivity/'.
Mon Jan  5 06:06:02 1970 ./bftpd[1290]: Client is storing file 'playActivityUI'.
Mon Jan  5 06:06:02 1970 ./bftpd[1290]: File transmission successful.
Mon Jan  5 06:06:05 1970 ./bftpd[1290]: Changed directory to '/mnt/SDCARD/App/PlayActivity/'.
Mon Jan  5 06:06:06 1970 ./bftpd[1290]: Changed directory to '/mnt/SDCARD/App/PlayActivity/'.
Mon Jan  5 06:06:06 1970 ./bftpd[1290]: Changed directory to '/mnt/SDCARD/App/PlayActivity/'.
Mon Jan  5 06:06:29 1970 ./bftpd[1290]: Changed directory to '/mnt/SDCARD/App/PlayActivity/'.
Mon Jan  5 06:06:29 1970 ./bftpd[1290]: Changed directory to '/mnt/SDCARD/App/PlayActivity/'.
Mon Jan  5 06:06:34 1970 ./bftpd[1290]: Changed directory to '/mnt/SDCARD/App/PlayActivity/'.
Mon Jan  5 06:06:34 1970 ./bftpd[1290]: Client is storing file 'playActivityUI'.
Mon Jan  5 06:06:34 1970 ./bftpd[1290]: File transmission successful.
Mon Jan  5 06:09:40 1970 ./bftpd[1290]: Quitting.
Mon Jan  5 06:09:48 1970 ./bftpd[1015]: Warning: Unable to open /var/log/wtmp.
Mon Jan  5 06:09:48 1970 ./bftpd[1015]: Incoming connection from 192.168.1.52.
Mon Jan  5 06:09:48 1970 ./bftpd[1015]: Successfully logged in as user 'ftp'.
Mon Jan  5 06:09:48 1970 ./bftpd[1015]: Changed directory to '/mnt/SDCARD/App/PlayActivity/'.
Mon Jan  5 06:09:48 1970 ./bftpd[1015]: Changed directory to '/mnt/SDCARD/App/PlayActivity/'.
Mon Jan  5 06:09:50 1970 ./bftpd[1015]: Changed directory to '/mnt/SDCARD/App/PlayActivity/'.
Mon Jan  5 06:09:51 1970 ./bftpd[1015]: Client is storing file 'playActivityUI'.
Mon Jan  5 06:09:51 1970 ./bftpd[1015]: File transmission successful.
Mon Jan  5 06:10:19 1970 ./bftpd[1015]: Changed directory to '/mnt/SDCARD/App/PlayActivity/'.
Mon Jan  5 06:10:19 1970 ./bftpd[1015]: Changed directory to '/mnt/SDCARD/App/PlayActivity/'.
Mon Jan  5 06:10:20 1970 ./bftpd[1015]: Changed directory to '/mnt/SDCARD/App/PlayActivity/'.
Mon Jan  5 06:10:20 1970 ./bftpd[1015]: Client is storing file 'playActivityUI'.
Mon Jan  5 06:10:20 1970 ./bftpd[1015]: File transmission successful.
Mon Jan  5 06:10:29 1970 ./bftpd[1015]: Changed directory to '/mnt/SDCARD/App/PlayActivity/'.
Mon Jan  5 06:10:29 1970 ./bftpd[1015]: Changed directory to '/mnt/SDCARD/App/PlayActivity/'.
Mon Jan  5 06:10:36 1970 ./bftpd[1015]: Changed directory to '/mnt/SDCARD/App/PlayActivity/'.
Mon Jan  5 06:10:44 1970 ./bftpd[1015]: Changed directory to '/mnt/SDCARD/App/PlayActivity/'.
Mon Jan  5 06:10:45 1970 ./bftpd[1015]: Changed directory to '/mnt/SDCARD/App/PlayActivity/'.
Mon Jan  5 06:10:52 1970 ./bftpd[1015]: Changed directory to '/mnt/SDCARD/App/PlayActivity/'.
Mon Jan  5 06:10:52 1970 ./bftpd[1015]: Client is storing file 'playActivityUI'.
Mon Jan  5 06:10:52 1970 ./bftpd[1015]: File transmission successful.
Mon Jan  5 06:15:52 1970 ./bftpd[1015]: Kicked from the server due to control connection timeout.
Mon Jan  5 06:15:52 1970 ./bftpd[1015]: Quitting.
Mon Jan  5 06:16:32 1970 ./bftpd[2643]: Warning: Unable to open /var/log/wtmp.
Mon Jan  5 06:16:32 1970 ./bftpd[2643]: Incoming connection from 192.168.1.52.
Mon Jan  5 06:16:33 1970 ./bftpd[2643]: Successfully logged in as user 'ftp'.
Mon Jan  5 06:16:34 1970 ./bftpd[2643]: Changed directory to '/mnt/SDCARD/App/PlayActivity/'.
Mon Jan  5 06:16:34 1970 ./bftpd[2643]: Changed directory to '/mnt/SDCARD/App/PlayActivity/'.
Mon Jan  5 06:16:36 1970 ./bftpd[2643]: Changed directory to '/mnt/SDCARD/App/PlayActivity/'.
Mon Jan  5 06:16:36 1970 ./bftpd[2643]: Client is storing file 'playActivityUI'.
Mon Jan  5 06:16:36 1970 ./bftpd[2643]: File transmission successful.
Mon Jan  5 06:17:06 1970 ./bftpd[2643]: Changed directory to '/mnt/SDCARD/App/PlayActivity/'.
Mon Jan  5 06:17:06 1970 ./bftpd[2643]: Changed directory to '/mnt/SDCARD/App/PlayActivity/'.
Mon Jan  5 06:17:09 1970 ./bftpd[2643]: Changed directory to '/mnt/SDCARD/App/PlayActivity/'.
Mon Jan  5 06:17:11 1970 ./bftpd[2643]: Client is storing file 'playActivityUI'.
Mon Jan  5 06:17:12 1970 ./bftpd[2643]: File transmission successful.
Mon Jan  5 06:17:30 1970 ./bftpd[2643]: Changed directory to '/mnt/SDCARD/App/PlayActivity/'.
Mon Jan  5 06:17:30 1970 ./bftpd[2643]: Changed directory to '/mnt/SDCARD/App/PlayActivity/'.
Mon Jan  5 06:17:32 1970 ./bftpd[2643]: Changed directory to '/mnt/SDCARD/App/PlayActivity/'.
Mon Jan  5 06:17:32 1970 ./bftpd[2643]: Client is storing file 'playActivityUI'.
Mon Jan  5 06:17:32 1970 ./bftpd[2643]: File transmission successful.
Mon Jan  5 06:17:56 1970 ./bftpd[2643]: Changed directory to '/mnt/SDCARD/App/PlayActivity/'.
Mon Jan  5 06:17:56 1970 ./bftpd[2643]: Changed directory to '/mnt/SDCARD/App/PlayActivity/'.
Mon Jan  5 06:17:59 1970 ./bftpd[2643]: Changed directory to '/mnt/SDCARD/App/PlayActivity/'.
Mon Jan  5 06:18:00 1970 ./bftpd[2643]: Client is storing file 'playActivityUI'.
Mon Jan  5 06:18:00 1970 ./bftpd[2643]: File transmission successful.
Mon Jan  5 06:18:43 1970 ./bftpd[2643]: Changed directory to '/mnt/SDCARD/App/PlayActivity/'.
Mon Jan  5 06:18:43 1970 ./bftpd[2643]: Changed directory to '/mnt/SDCARD/App/PlayActivity/'.
Mon Jan  5 06:18:49 1970 ./bftpd[2643]: Changed directory to '/mnt/SDCARD/App/PlayActivity/'.
Mon Jan  5 06:18:49 1970 ./bftpd[2643]: Client is storing file 'playActivityUI'.
Mon Jan  5 06:18:49 1970 ./bftpd[2643]: File transmission successful.
Mon Jan  5 06:19:06 1970 ./bftpd[2643]: Changed directory to '/mnt/SDCARD/App/PlayActivity/'.
Mon Jan  5 06:19:06 1970 ./bftpd[2643]: Changed directory to '/mnt/SDCARD/App/PlayActivity/'.
Mon Jan  5 06:19:09 1970 ./bftpd[2643]: Changed directory to '/mnt/SDCARD/App/PlayActivity/'.
Mon Jan  5 06:19:09 1970 ./bftpd[2643]: Client is storing file 'playActivityUI'.
Mon Jan  5 06:19:09 1970 ./bftpd[2643]: File transmission successful.
Mon Jan  5 06:19:24 1970 ./bftpd[2643]: Changed directory to '/mnt/SDCARD/App/PlayActivity/'.
Mon Jan  5 06:19:24 1970 ./bftpd[2643]: Changed directory to '/mnt/SDCARD/App/PlayActivity/'.
Mon Jan  5 06:19:26 1970 ./bftpd[2643]: Changed directory to '/mnt/SDCARD/App/PlayActivity/'.
Mon Jan  5 06:19:28 1970 ./bftpd[2643]: Client is storing file 'playActivityUI'.
Mon Jan  5 06:19:32 1970 ./bftpd[2643]: File transmission successful.
Mon Jan  5 06:19:39 1970 ./bftpd[2643]: Quitting.
Mon Jan  5 06:19:45 1970 ./bftpd[706]: Warning: Unable to open /var/log/wtmp.
Mon Jan  5 06:19:45 1970 ./bftpd[706]: Incoming connection from 192.168.1.52.
Mon Jan  5 06:19:45 1970 ./bftpd[706]: Successfully logged in as user 'ftp'.
Mon Jan  5 06:19:45 1970 ./bftpd[706]: Changed directory to '/mnt/SDCARD/App/PlayActivity/'.
Mon Jan  5 06:19:45 1970 ./bftpd[706]: Changed directory to '/mnt/SDCARD/App/PlayActivity/'.
Mon Jan  5 06:19:47 1970 ./bftpd[706]: Changed directory to '/mnt/SDCARD/App/PlayActivity/'.
Mon Jan  5 06:19:47 1970 ./bftpd[706]: Error: 'Text file busy' while trying to store file 'playActivityUI'.
Mon Jan  5 06:19:47 1970 ./bftpd[711]: Warning: Unable to open /var/log/wtmp.
Mon Jan  5 06:19:47 1970 ./bftpd[711]: Incoming connection from 192.168.1.52.
Mon Jan  5 06:19:47 1970 ./bftpd[711]: Successfully logged in as user 'ftp'.
Mon Jan  5 06:19:47 1970 ./bftpd[711]: Changed directory to '/mnt/SDCARD/App/PlayActivity/'.
Mon Jan  5 06:19:47 1970 ./bftpd[711]: Deleted file 'playActivityUI'.
Mon Jan  5 06:19:52 1970 ./bftpd[711]: Quitting.
Mon Jan  5 06:19:54 1970 ./bftpd[706]: Changed directory to '/mnt/SDCARD/App/PlayActivity/'.
Mon Jan  5 06:19:54 1970 ./bftpd[706]: Changed directory to '/mnt/SDCARD/App/PlayActivity/'.
Mon Jan  5 06:19:54 1970 ./bftpd[706]: Changed directory to '/mnt/SDCARD/App/PlayActivity/'.
Mon Jan  5 06:19:54 1970 ./bftpd[706]: Client is storing file 'playActivityUI'.
Mon Jan  5 06:19:54 1970 ./bftpd[706]: File transmission successful.
Mon Jan  5 06:20:27 1970 ./bftpd[706]: Changed directory to '/mnt/SDCARD/App/PlayActivity/'.
Mon Jan  5 06:20:27 1970 ./bftpd[706]: Changed directory to '/mnt/SDCARD/App/PlayActivity/'.
Mon Jan  5 06:20:29 1970 ./bftpd[706]: Changed directory to '/mnt/SDCARD/App/PlayActivity/'.
Mon Jan  5 06:20:29 1970 ./bftpd[706]: Client is storing file 'playActivityUI'.
Mon Jan  5 06:20:29 1970 ./bftpd[706]: File transmission successful.
Mon Jan  5 06:25:29 1970 ./bftpd[706]: Kicked from the server due to control connection timeout.
Mon Jan  5 06:25:29 1970 ./bftpd[706]: Quitting.
Mon Jan  5 15:14:10 1970 ./bftpd[3288]: Warning: Unable to open /var/log/wtmp.
Mon Jan  5 15:14:10 1970 ./bftpd[3288]: Incoming connection from 192.168.1.52.
Mon Jan  5 15:14:10 1970 ./bftpd[3288]: Successfully logged in as user 'ftp'.
Mon Jan  5 15:14:10 1970 ./bftpd[3288]: Changed directory to '/mnt/SDCARD/'.
Mon Jan  5 15:14:10 1970 ./bftpd[3289]: Warning: Unable to open /var/log/wtmp.
Mon Jan  5 15:14:10 1970 ./bftpd[3289]: Incoming connection from 192.168.1.52.
Mon Jan  5 15:14:10 1970 ./bftpd[3289]: Successfully logged in as user 'ftp'.
Mon Jan  5 15:14:20 1970 ./bftpd[3288]: Changed directory to '/mnt/SDCARD/App/'.
Mon Jan  5 15:19:00 1970 ./bftpd[3289]: Kicked from the server due to control connection timeout.
Mon Jan  5 15:19:00 1970 ./bftpd[3289]: Quitting.
Mon Jan  5 15:19:00 1970 ./bftpd[3288]: Kicked from the server due to control connection timeout.
Mon Jan  5 15:19:00 1970 ./bftpd[3288]: Quitting.
Tue Jan  6 23:45:21 1970 ./bftpd[3031]: Warning: Unable to open /var/log/wtmp.
Tue Jan  6 23:45:21 1970 ./bftpd[3031]: Incoming connection from 192.168.1.52.
Tue Jan  6 23:45:21 1970 ./bftpd[3031]: Successfully logged in as user 'ftp'.
Tue Jan  6 23:45:21 1970 ./bftpd[3031]: Changed directory to '/mnt/SDCARD/App/'.
Tue Jan  6 23:46:00 1970 ./bftpd[3031]: Changed directory to '/mnt/SDCARD/Roms/'.
Tue Jan  6 23:46:08 1970 ./bftpd[3031]: Changed directory to '/mnt/SDCARD/Roms/SFC/'.
Tue Jan  6 23:46:12 1970 ./bftpd[3031]: Changed directory to '/mnt/SDCARD/Roms/SFC/'.
Tue Jan  6 23:46:12 1970 ./bftpd[3031]: Changed directory to '/mnt/SDCARD/Roms/SFC/'.
Tue Jan  6 23:46:17 1970 ./bftpd[3031]: Changed directory to '/mnt/SDCARD/Roms/SFC/'.
Tue Jan  6 23:46:23 1970 ./bftpd[3031]: Client is storing file '39. Teenage Mutant Ninja Turtles IV - Turtles in Time (USA).7z'.
Tue Jan  6 23:46:28 1970 ./bftpd[3031]: File transmission successful.
Tue Jan  6 23:51:28 1970 ./bftpd[3031]: Kicked from the server due to control connection timeout.
Tue Jan  6 23:51:28 1970 ./bftpd[3031]: Quitting.
Wed Jan  7 00:18:57 1970 ./bftpd[3313]: Warning: Unable to open /var/log/wtmp.
Wed Jan  7 00:18:57 1970 ./bftpd[3313]: Incoming connection from 192.168.1.52.
Wed Jan  7 00:18:57 1970 ./bftpd[3313]: Successfully logged in as user 'ftp'.
Wed Jan  7 00:18:57 1970 ./bftpd[3313]: Changed directory to '/mnt/SDCARD/Media/'.
Wed Jan  7 00:19:37 1970 ./bftpd[3313]: Changed directory to '/mnt/SDCARD/Imgs/'.
Wed Jan  7 00:19:53 1970 ./bftpd[3313]: Changed directory to '/mnt/SDCARD/Saves/'.
Wed Jan  7 00:19:54 1970 ./bftpd[3313]: Changed directory to '/mnt/SDCARD/Saves/CurrentProfile/'.
Wed Jan  7 00:20:11 1970 ./bftpd[3313]: Changed directory to '/mnt/SDCARD/'.
Wed Jan  7 00:20:27 1970 ./bftpd[3313]: Changed directory to '/mnt/SDCARD/Screenshots/'.
Wed Jan  7 00:20:41 1970 ./bftpd[3313]: Changed directory to '/mnt/SDCARD/Screenshots/'.
Wed Jan  7 00:20:41 1970 ./bftpd[3313]: Changed directory to '/mnt/SDCARD/Screenshots/'.
Wed Jan  7 00:20:41 1970 ./bftpd[3313]: Changed directory to '/mnt/SDCARD/Screenshots/'.
Wed Jan  7 00:20:42 1970 ./bftpd[3313]: Client is receiving file 'MainUI_002.png'.
Wed Jan  7 00:20:42 1970 ./bftpd[3313]: File transmission of 'MainUI_002.png' successful.
Wed Jan  7 00:20:43 1970 ./bftpd[3313]: Changed directory to '/mnt/SDCARD/Screenshots/'.
Wed Jan  7 00:21:41 1970 ./bftpd[3313]: Changed directory to '/mnt/SDCARD/Screenshots/'.
Wed Jan  7 00:21:41 1970 ./bftpd[3313]: Changed directory to '/mnt/SDCARD/Screenshots/'.
Wed Jan  7 00:21:42 1970 ./bftpd[3313]: Changed directory to '/mnt/SDCARD/Screenshots/'.
Wed Jan  7 00:21:42 1970 ./bftpd[3313]: Client is receiving file 'MainUI_001.png'.
Wed Jan  7 00:21:42 1970 ./bftpd[3313]: File transmission of 'MainUI_001.png' successful.
Wed Jan  7 00:21:54 1970 ./bftpd[3313]: Changed directory to '/mnt/SDCARD/Screenshots/'.
Wed Jan  7 00:22:01 1970 ./bftpd[3313]: Changed directory to '/mnt/SDCARD/Screenshots/'.
Wed Jan  7 00:22:01 1970 ./bftpd[3313]: Changed directory to '/mnt/SDCARD/Screenshots/'.
Wed Jan  7 00:22:01 1970 ./bftpd[3313]: Changed directory to '/mnt/SDCARD/Screenshots/'.
Wed Jan  7 00:22:02 1970 ./bftpd[3313]: Client is receiving file 'MainUI_000.png'.
Wed Jan  7 00:22:08 1970 ./bftpd[3313]: File transmission of 'MainUI_000.png' successful.
Wed Jan  7 00:22:09 1970 ./bftpd[3313]: Changed directory to '/mnt/SDCARD/Screenshots/'.
Wed Jan  7 00:27:09 1970 ./bftpd[3313]: Kicked from the server due to control connection timeout.
Wed Jan  7 00:27:09 1970 ./bftpd[3313]: Quitting.
Wed Jan  7 00:36:32 1970 ./bftpd[3743]: Warning: Unable to open /var/log/wtmp.
Wed Jan  7 00:36:32 1970 ./bftpd[3743]: Incoming connection from 192.168.1.52.
Wed Jan  7 00:36:33 1970 ./bftpd[3743]: Successfully logged in as user 'ftp'.
Wed Jan  7 00:36:33 1970 ./bftpd[3743]: Changed directory to '/mnt/SDCARD/Screenshots/'.
Wed Jan  7 00:37:36 1970 ./bftpd[3743]: Changed directory to '/mnt/SDCARD/Screenshots/'.
Wed Jan  7 00:37:37 1970 ./bftpd[3743]: Changed directory to '/mnt/SDCARD/Screenshots/'.
Wed Jan  7 00:37:37 1970 ./bftpd[3743]: Changed directory to '/mnt/SDCARD/Screenshots/'.
Wed Jan  7 00:37:39 1970 ./bftpd[3743]: Client is receiving file 'Search_000.png'.
Wed Jan  7 00:37:39 1970 ./bftpd[3743]: File transmission of 'Search_000.png' successful.
Wed Jan  7 00:37:39 1970 ./bftpd[3743]: Changed directory to '/mnt/SDCARD/Screenshots/'.
Wed Jan  7 00:38:54 1970 ./bftpd[3743]: Quitting.
Wed Jan  7 00:39:26 1970 ./bftpd[2639]: Warning: Unable to open /var/log/wtmp.
Wed Jan  7 00:39:26 1970 ./bftpd[2639]: Incoming connection from 192.168.1.52.
Wed Jan  7 00:39:26 1970 ./bftpd[2639]: Successfully logged in as user 'ftp'.
Wed Jan  7 00:39:37 1970 ./bftpd[2639]: Changed directory to '/mnt/SDCARD/Screenshots/'.
Wed Jan  7 00:39:49 1970 ./bftpd[2639]: Changed directory to '/mnt/SDCARD/Screenshots/'.
Wed Jan  7 00:39:52 1970 ./bftpd[2639]: Changed directory to '/mnt/SDCARD/Screenshots/'.
Wed Jan  7 00:39:54 1970 ./bftpd[2639]: Changed directory to '/mnt/SDCARD/Screenshots/'.
Wed Jan  7 00:39:54 1970 ./bftpd[2639]: Changed directory to '/mnt/SDCARD/Screenshots/'.
Wed Jan  7 00:39:54 1970 ./bftpd[2639]: Changed directory to '/mnt/SDCARD/Screenshots/'.
Wed Jan  7 00:39:54 1970 ./bftpd[2639]: Changed directory to '/mnt/SDCARD/Screenshots/'.
Wed Jan  7 00:39:54 1970 ./bftpd[2639]: Client is receiving file 'Search_001.png'.
Wed Jan  7 00:39:54 1970 ./bftpd[2639]: File transmission of 'Search_001.png' successful.
Wed Jan  7 00:39:54 1970 ./bftpd[2639]: Changed directory to '/mnt/SDCARD/Screenshots/'.
Wed Jan  7 00:39:54 1970 ./bftpd[2639]: Changed directory to '/mnt/SDCARD/Screenshots/'.
Wed Jan  7 00:39:54 1970 ./bftpd[2639]: Changed directory to '/mnt/SDCARD/Screenshots/'.
Wed Jan  7 00:39:54 1970 ./bftpd[2639]: Client is receiving file 'Search_002.png'.
Wed Jan  7 00:39:54 1970 ./bftpd[2639]: File transmission of 'Search_002.png' successful.
Wed Jan  7 00:39:54 1970 ./bftpd[2639]: Changed directory to '/mnt/SDCARD/Screenshots/'.
Wed Jan  7 00:39:54 1970 ./bftpd[2639]: Changed directory to '/mnt/SDCARD/Screenshots/'.
Wed Jan  7 00:39:54 1970 ./bftpd[2639]: Changed directory to '/mnt/SDCARD/Screenshots/'.
Wed Jan  7 00:39:54 1970 ./bftpd[2639]: Client is receiving file 'Search_003.png'.
Wed Jan  7 00:39:54 1970 ./bftpd[2639]: File transmission of 'Search_003.png' successful.
Wed Jan  7 00:39:54 1970 ./bftpd[2639]: Changed directory to '/mnt/SDCARD/Screenshots/'.
Wed Jan  7 00:39:54 1970 ./bftpd[2639]: Changed directory to '/mnt/SDCARD/Screenshots/'.
Wed Jan  7 00:39:54 1970 ./bftpd[2639]: Changed directory to '/mnt/SDCARD/Screenshots/'.
Wed Jan  7 00:39:54 1970 ./bftpd[2639]: Client is receiving file 'Search_004.png'.
Wed Jan  7 00:39:54 1970 ./bftpd[2639]: File transmission of 'Search_004.png' successful.
Wed Jan  7 00:39:55 1970 ./bftpd[2639]: Changed directory to '/mnt/SDCARD/Screenshots/'.
Wed Jan  7 00:40:45 1970 ./bftpd[2639]: Changed directory to '/mnt/SDCARD/Screenshots/'.
Wed Jan  7 00:40:46 1970 ./bftpd[2639]: Changed directory to '/mnt/SDCARD/Screenshots/'.
Wed Jan  7 00:40:46 1970 ./bftpd[2639]: Changed directory to '/mnt/SDCARD/Screenshots/'.
Wed Jan  7 00:40:46 1970 ./bftpd[2639]: Client is receiving file 'MainUI_003.png'.
Wed Jan  7 00:40:46 1970 ./bftpd[2639]: File transmission of 'MainUI_003.png' successful.
Wed Jan  7 00:40:46 1970 ./bftpd[2639]: Changed directory to '/mnt/SDCARD/Screenshots/'.
Wed Jan  7 00:40:46 1970 ./bftpd[2639]: Changed directory to '/mnt/SDCARD/Screenshots/'.
Wed Jan  7 00:40:46 1970 ./bftpd[2639]: Changed directory to '/mnt/SDCARD/Screenshots/'.
Wed Jan  7 00:40:46 1970 ./bftpd[2639]: Client is receiving file 'MainUI_004.png'.
Wed Jan  7 00:40:46 1970 ./bftpd[2639]: File transmission of 'MainUI_004.png' successful.
Wed Jan  7 00:40:46 1970 ./bftpd[2639]: Changed directory to '/mnt/SDCARD/Screenshots/'.
Wed Jan  7 00:42:43 1970 ./bftpd[2639]: Changed directory to '/mnt/SDCARD/Screenshots/'.
Wed Jan  7 00:42:43 1970 ./bftpd[2639]: Changed directory to '/mnt/SDCARD/Screenshots/'.
Wed Jan  7 00:42:43 1970 ./bftpd[2639]: Changed directory to '/mnt/SDCARD/Screenshots/'.
Wed Jan  7 00:42:44 1970 ./bftpd[2639]: Changed directory to '/mnt/SDCARD/Screenshots/'.
Wed Jan  7 00:42:44 1970 ./bftpd[2639]: Changed directory to '/mnt/SDCARD/Screenshots/'.
Wed Jan  7 00:42:45 1970 ./bftpd[2639]: Changed directory to '/mnt/SDCARD/Screenshots/'.
Wed Jan  7 00:42:45 1970 ./bftpd[2639]: Changed directory to '/mnt/SDCARD/Screenshots/'.
Wed Jan  7 00:43:16 1970 ./bftpd[2639]: Changed directory to '/mnt/SDCARD/Screenshots/'.
Wed Jan  7 00:43:16 1970 ./bftpd[2639]: Changed directory to '/mnt/SDCARD/Screenshots/'.
Wed Jan  7 00:43:17 1970 ./bftpd[2639]: Changed directory to '/mnt/SDCARD/Screenshots/'.
Wed Jan  7 00:43:17 1970 ./bftpd[2639]: Changed directory to '/mnt/SDCARD/Screenshots/'.
Wed Jan  7 00:43:17 1970 ./bftpd[2639]: Changed directory to '/mnt/SDCARD/Screenshots/'.
Wed Jan  7 00:43:18 1970 ./bftpd[2639]: Changed directory to '/mnt/SDCARD/Screenshots/'.
Wed Jan  7 00:43:18 1970 ./bftpd[2639]: Changed directory to '/mnt/SDCARD/Screenshots/'.
Wed Jan  7 00:43:58 1970 ./bftpd[2639]: Changed directory to '/mnt/SDCARD/Screenshots/'.
Wed Jan  7 00:44:00 1970 ./bftpd[2639]: Deleted file 'Celeste_000.png'.
Wed Jan  7 00:44:00 1970 ./bftpd[2639]: Deleted file 'MainUI_000.png'.
Wed Jan  7 00:44:00 1970 ./bftpd[2639]: Deleted file 'MainUI_001.png'.
Wed Jan  7 00:44:00 1970 ./bftpd[2639]: Deleted file 'MainUI_002.png'.
Wed Jan  7 00:44:00 1970 ./bftpd[2639]: Deleted file 'MainUI_003.png'.
Wed Jan  7 00:44:00 1970 ./bftpd[2639]: Deleted file 'MainUI_004.png'.
Wed Jan  7 00:44:00 1970 ./bftpd[2639]: Deleted file 'Search_000.png'.
Wed Jan  7 00:44:00 1970 ./bftpd[2639]: Deleted file 'Search_001.png'.
Wed Jan  7 00:44:00 1970 ./bftpd[2639]: Deleted file 'Search_002.png'.
Wed Jan  7 00:44:00 1970 ./bftpd[2639]: Deleted file 'Search_003.png'.
Wed Jan  7 00:44:00 1970 ./bftpd[2639]: Deleted file 'Search_004.png'.
Wed Jan  7 00:44:00 1970 ./bftpd[2639]: Deleted file 'Super Mario Land DX (v2.0)_000.png'.
Wed Jan  7 00:44:39 1970 ./bftpd[2639]: Changed directory to '/mnt/SDCARD/Screenshots/'.
Wed Jan  7 00:44:59 1970 ./bftpd[2639]: Changed directory to '/mnt/SDCARD/Screenshots/'.
Wed Jan  7 00:45:00 1970 ./bftpd[2639]: Changed directory to '/mnt/SDCARD/Screenshots/'.
Wed Jan  7 00:45:00 1970 ./bftpd[2639]: Changed directory to '/mnt/SDCARD/Screenshots/'.
Wed Jan  7 00:45:00 1970 ./bftpd[2639]: Client is receiving file 'Screenshot_000.png'.
Wed Jan  7 00:45:00 1970 ./bftpd[2639]: File transmission of 'Screenshot_000.png' successful.
Wed Jan  7 00:45:00 1970 ./bftpd[2639]: Changed directory to '/mnt/SDCARD/Screenshots/'.
Wed Jan  7 00:45:00 1970 ./bftpd[2639]: Changed directory to '/mnt/SDCARD/Screenshots/'.
Wed Jan  7 00:45:00 1970 ./bftpd[2639]: Changed directory to '/mnt/SDCARD/Screenshots/'.
Wed Jan  7 00:45:00 1970 ./bftpd[2639]: Client is receiving file 'Screenshot_001.png'.
Wed Jan  7 00:45:00 1970 ./bftpd[2639]: File transmission of 'Screenshot_001.png' successful.
Wed Jan  7 00:45:00 1970 ./bftpd[2639]: Changed directory to '/mnt/SDCARD/Screenshots/'.
Wed Jan  7 00:45:00 1970 ./bftpd[2639]: Changed directory to '/mnt/SDCARD/Screenshots/'.
Wed Jan  7 00:45:00 1970 ./bftpd[2639]: Changed directory to '/mnt/SDCARD/Screenshots/'.
Wed Jan  7 00:45:01 1970 ./bftpd[2639]: Client is receiving file 'Screenshot_002.png'.
Wed Jan  7 00:45:01 1970 ./bftpd[2639]: File transmission of 'Screenshot_002.png' successful.
Wed Jan  7 00:45:01 1970 ./bftpd[2639]: Changed directory to '/mnt/SDCARD/Screenshots/'.
Wed Jan  7 00:45:01 1970 ./bftpd[2639]: Changed directory to '/mnt/SDCARD/Screenshots/'.
Wed Jan  7 00:45:01 1970 ./bftpd[2639]: Changed directory to '/mnt/SDCARD/Screenshots/'.
Wed Jan  7 00:45:01 1970 ./bftpd[2639]: Client is receiving file 'Screenshot_003.png'.
Wed Jan  7 00:45:01 1970 ./bftpd[2639]: File transmission of 'Screenshot_003.png' successful.
Wed Jan  7 00:45:01 1970 ./bftpd[2639]: Changed directory to '/mnt/SDCARD/Screenshots/'.
Wed Jan  7 00:49:04 1970 ./bftpd[2639]: Quitting.
Wed Jan  7 00:54:43 1970 ./bftpd[463]: Warning: Unable to open /var/log/wtmp.
Wed Jan  7 00:54:43 1970 ./bftpd[463]: Incoming connection from 192.168.1.52.
Wed Jan  7 00:54:43 1970 ./bftpd[463]: Successfully logged in as user 'ftp'.
Wed Jan  7 00:54:43 1970 ./bftpd[463]: Changed directory to '/mnt/SDCARD/Screenshots/'.
Wed Jan  7 00:54:46 1970 ./bftpd[463]: Changed directory to '/mnt/SDCARD/Screenshots/'.
Wed Jan  7 00:54:46 1970 ./bftpd[463]: Changed directory to '/mnt/SDCARD/Screenshots/'.
Wed Jan  7 00:54:46 1970 ./bftpd[463]: Changed directory to '/mnt/SDCARD/Screenshots/'.
Wed Jan  7 00:54:46 1970 ./bftpd[463]: Client is receiving file 'Super Mario Land DX (v2.0)_000.png'.
Wed Jan  7 00:54:46 1970 ./bftpd[463]: File transmission of 'Super Mario Land DX (v2.0)_000.png' successful.
Wed Jan  7 00:54:46 1970 ./bftpd[463]: Changed directory to '/mnt/SDCARD/Screenshots/'.
Wed Jan  7 00:57:47 1970 ./bftpd[463]: Changed directory to '/mnt/SDCARD/Screenshots/'.
Wed Jan  7 00:58:18 1970 ./bftpd[463]: Changed directory to '/mnt/SDCARD/Screenshots/'.
Wed Jan  7 00:58:26 1970 ./bftpd[463]: Changed directory to '/mnt/SDCARD/Screenshots/'.
Wed Jan  7 00:58:26 1970 ./bftpd[463]: Changed directory to '/mnt/SDCARD/Screenshots/'.
Wed Jan  7 00:58:26 1970 ./bftpd[463]: Changed directory to '/mnt/SDCARD/Screenshots/'.
Wed Jan  7 00:58:26 1970 ./bftpd[463]: Client is receiving file 'GameSwitcher_000.png'.
Wed Jan  7 00:58:26 1970 ./bftpd[463]: File transmission of 'GameSwitcher_000.png' successful.
Wed Jan  7 00:58:26 1970 ./bftpd[463]: Changed directory to '/mnt/SDCARD/Screenshots/'.
Wed Jan  7 00:58:51 1970 ./bftpd[2498]: Warning: Unable to open /var/log/wtmp.
Wed Jan  7 00:58:51 1970 ./bftpd[2498]: Incoming connection from 192.168.1.52.
Wed Jan  7 00:58:53 1970 ./bftpd[2498]: Successfully logged in as user 'ftp'.
Wed Jan  7 00:58:54 1970 ./bftpd[463]: Quitting.
Wed Jan  7 00:59:02 1970 ./bftpd[2498]: Changed directory to '/mnt/SDCARD/.tmp_update'.
Wed Jan  7 01:02:09 1970 ./bftpd[4041]: Warning: Unable to open /var/log/wtmp.
Wed Jan  7 01:02:09 1970 ./bftpd[4041]: Incoming connection from 192.168.1.52.
Wed Jan  7 01:02:09 1970 ./bftpd[4041]: Successfully logged in as user 'ftp'.
Wed Jan  7 01:02:09 1970 ./bftpd[4041]: Changed directory to '/mnt/SDCARD/Screenshots/'.
Wed Jan  7 01:02:13 1970 ./bftpd[4041]: Changed directory to '/mnt/SDCARD/Screenshots/ARD/'.
Wed Jan  7 01:02:22 1970 ./bftpd[4041]: Changed directory to '/mnt/SDCARD/Screenshots/'.
Wed Jan  7 01:02:24 1970 ./bftpd[4041]: Changed directory to '/mnt/SDCARD/Screenshots/'.
Wed Jan  7 01:02:24 1970 ./bftpd[4041]: Changed directory to '/mnt/SDCARD/Screenshots/'.
Wed Jan  7 01:02:24 1970 ./bftpd[4041]: Changed directory to '/mnt/SDCARD/Screenshots/'.
Wed Jan  7 01:02:32 1970 ./bftpd[4041]: Changed directory to '/mnt/SDCARD/Screenshots/'.
Wed Jan  7 01:02:32 1970 ./bftpd[4041]: Changed directory to '/mnt/SDCARD/Screenshots/'.
Wed Jan  7 01:02:32 1970 ./bftpd[4041]: Changed directory to '/mnt/SDCARD/Screenshots/'.
Wed Jan  7 01:02:32 1970 ./bftpd[4041]: Client is receiving file 'Adventure Island (USA, Europe)_000.png'.
Wed Jan  7 01:02:32 1970 ./bftpd[4041]: File transmission of 'Adventure Island (USA, Europe)_000.png' successful.
Wed Jan  7 01:02:32 1970 ./bftpd[4041]: Changed directory to '/mnt/SDCARD/Screenshots/'.
Wed Jan  7 01:02:46 1970 ./bftpd[4041]: Changed directory to '/mnt/SDCARD/Screenshots/'.
Wed Jan  7 01:02:49 1970 ./bftpd[4041]: Changed directory to '/mnt/SDCARD/Screenshots/'.
Wed Jan  7 01:02:53 1970 ./bftpd[2498]: Quitting.
Wed Jan  7 01:02:57 1970 ./bftpd[4041]: Changed directory to '/mnt/SDCARD/Screenshots/'.
Wed Jan  7 01:02:59 1970 ./bftpd[4041]: Changed directory to '/mnt/SDCARD/Screenshots/'.
Wed Jan  7 01:02:59 1970 ./bftpd[4041]: Changed directory to '/mnt/SDCARD/Screenshots/'.
Wed Jan  7 01:02:59 1970 ./bftpd[4041]: Changed directory to '/mnt/SDCARD/Screenshots/'.
Wed Jan  7 01:03:00 1970 ./bftpd[4041]: Changed directory to '/mnt/SDCARD/Screenshots/'.
Wed Jan  7 01:03:00 1970 ./bftpd[4041]: Changed directory to '/mnt/SDCARD/Screenshots/'.
Wed Jan  7 01:03:00 1970 ./bftpd[4041]: Changed directory to '/mnt/SDCARD/Screenshots/'.
Wed Jan  7 01:03:00 1970 ./bftpd[4041]: Changed directory to '/mnt/SDCARD/Screenshots/'.
Wed Jan  7 01:03:00 1970 ./bftpd[4041]: Changed directory to '/mnt/SDCARD/Screenshots/'.
Wed Jan  7 01:03:00 1970 ./bftpd[4041]: Changed directory to '/mnt/SDCARD/Screenshots/'.
Wed Jan  7 01:03:00 1970 ./bftpd[4041]: Changed directory to '/mnt/SDCARD/Screenshots/'.
Wed Jan  7 01:03:00 1970 ./bftpd[4041]: Changed directory to '/mnt/SDCARD/Screenshots/'.
Wed Jan  7 01:03:00 1970 ./bftpd[4041]: Changed directory to '/mnt/SDCARD/Screenshots/'.
Wed Jan  7 01:03:01 1970 ./bftpd[4041]: Changed directory to '/mnt/SDCARD/Screenshots/'.
Wed Jan  7 01:03:01 1970 ./bftpd[4041]: Changed directory to '/mnt/SDCARD/Screenshots/'.
Wed Jan  7 01:03:01 1970 ./bftpd[4041]: Changed directory to '/mnt/SDCARD/Screenshots/'.
Wed Jan  7 01:03:01 1970 ./bftpd[4041]: Changed directory to '/mnt/SDCARD/Screenshots/'.
Wed Jan  7 01:03:01 1970 ./bftpd[4041]: Changed directory to '/mnt/SDCARD/Screenshots/'.
Wed Jan  7 01:03:01 1970 ./bftpd[4041]: Changed directory to '/mnt/SDCARD/Screenshots/'.
Wed Jan  7 01:03:01 1970 ./bftpd[4041]: Changed directory to '/mnt/SDCARD/Screenshots/'.
Wed Jan  7 01:03:01 1970 ./bftpd[4041]: Changed directory to '/mnt/SDCARD/Screenshots/'.
Wed Jan  7 01:03:01 1970 ./bftpd[4041]: Changed directory to '/mnt/SDCARD/Screenshots/'.
Wed Jan  7 01:03:01 1970 ./bftpd[4041]: Changed directory to '/mnt/SDCARD/Screenshots/'.
Wed Jan  7 01:03:01 1970 ./bftpd[4041]: Changed directory to '/mnt/SDCARD/Screenshots/'.
Wed Jan  7 01:03:01 1970 ./bftpd[4041]: Changed directory to '/mnt/SDCARD/Screenshots/'.
Wed Jan  7 01:03:15 1970 ./bftpd[4041]: Changed directory to '/mnt/SDCARD/Screenshots/ARD/'.
Wed Jan  7 01:03:15 1970 ./bftpd[4041]: Changed directory to '/mnt/SDCARD/Screenshots/ARD/'.
Wed Jan  7 01:03:15 1970 ./bftpd[4041]: Changed directory to '/mnt/SDCARD/Screenshots/ARD/'.
Wed Jan  7 01:03:16 1970 ./bftpd[4041]: Client is receiving file 'mio Land DX (v2.0).gb_000.png'.
Wed Jan  7 01:03:20 1970 ./bftpd[4041]: File transmission of 'mio Land DX (v2.0).gb_000.png' successful.
Wed Jan  7 01:03:20 1970 ./bftpd[4041]: Changed directory to '/mnt/SDCARD/Screenshots/ARD/'.
Wed Jan  7 01:03:24 1970 ./bftpd[4041]: Changed directory to '/mnt/SDCARD/Screenshots/'.
Wed Jan  7 01:03:24 1970 ./bftpd[4041]: Changed directory to 'ARD'.
Wed Jan  7 01:03:24 1970 ./bftpd[4041]: Changed directory to '/mnt/SDCARD/Screenshots/'.
Wed Jan  7 01:03:24 1970 ./bftpd[4041]: Deleted file 'Adventure Island (USA, Europe)_000.png'.
Wed Jan  7 01:03:24 1970 ./bftpd[4041]: Changed directory to 'ARD'.
Wed Jan  7 01:03:25 1970 ./bftpd[4041]: Deleted file 'mio Land DX (v2.0).gb_000.png'.
Wed Jan  7 01:03:25 1970 ./bftpd[4041]: Changed directory to '/mnt/SDCARD/Screenshots/'.
Wed Jan  7 01:03:25 1970 ./bftpd[4041]: Removed directory 'ARD'.
Wed Jan  7 01:03:25 1970 ./bftpd[4041]: Deleted file 'GameSwitcher_000.png'.
Wed Jan  7 01:03:25 1970 ./bftpd[4041]: Deleted file 'MainUI_000.png'.
Wed Jan  7 01:03:25 1970 ./bftpd[4041]: Deleted file 'Screenshot_000.png'.
Wed Jan  7 01:03:25 1970 ./bftpd[4041]: Deleted file 'Screenshot_001.png'.
Wed Jan  7 01:03:25 1970 ./bftpd[4041]: Deleted file 'Screenshot_002.png'.
Wed Jan  7 01:03:25 1970 ./bftpd[4041]: Deleted file 'Screenshot_003.png'.
Wed Jan  7 01:03:25 1970 ./bftpd[4041]: Deleted file 'Super Mario Land DX (v2.0)_000.png'.
Wed Jan  7 01:08:25 1970 ./bftpd[4041]: Kicked from the server due to control connection timeout.
Wed Jan  7 01:08:25 1970 ./bftpd[4041]: Quitting.
Wed Jan  7 01:11:13 1970 ./bftpd[655]: Warning: Unable to open /var/log/wtmp.
Wed Jan  7 01:11:13 1970 ./bftpd[655]: Incoming connection from 192.168.1.52.
Wed Jan  7 01:11:13 1970 ./bftpd[655]: Successfully logged in as user 'ftp'.
Wed Jan  7 01:11:13 1970 ./bftpd[655]: Changed directory to '/mnt/SDCARD/Screenshots/'.
Wed Jan  7 01:11:20 1970 ./bftpd[655]: Changed directory to '/mnt/SDCARD/Screenshots/'.
Wed Jan  7 01:11:44 1970 ./bftpd[907]: Warning: Unable to open /var/log/wtmp.
Wed Jan  7 01:11:44 1970 ./bftpd[907]: Incoming connection from 192.168.1.52.
Wed Jan  7 01:11:45 1970 ./bftpd[907]: Successfully logged in as user 'ftp'.
Wed Jan  7 01:11:52 1970 ./bftpd[907]: Changed directory to 'Screenshots'.
Wed Jan  7 01:15:48 1970 ./bftpd[3441]: Warning: Unable to open /var/log/wtmp.
Wed Jan  7 01:15:48 1970 ./bftpd[3441]: Incoming connection from 192.168.1.52.
Wed Jan  7 01:15:48 1970 ./bftpd[3441]: Successfully logged in as user 'ftp'.
Wed Jan  7 01:15:48 1970 ./bftpd[3441]: Changed directory to '/mnt/SDCARD/Screenshots'.
Wed Jan  7 01:15:48 1970 ./bftpd[3441]: Client is receiving file 'MainUI_000.png'.
Wed Jan  7 01:15:48 1970 ./bftpd[3441]: File transmission of 'MainUI_000.png' successful.
Wed Jan  7 01:16:21 1970 ./bftpd[655]: Kicked from the server due to control connection timeout.
Wed Jan  7 01:16:21 1970 ./bftpd[655]: Quitting.
Wed Jan  7 01:16:48 1970 ./bftpd[3441]: Quitting.
Wed Jan  7 01:18:21 1970 ./bftpd[907]: Changed directory to 'ARD'.
Wed Jan  7 01:18:22 1970 ./bftpd[907]: Changed directory to 'miyoo'.
Wed Jan  7 01:18:26 1970 ./bftpd[907]: Changed directory to 'app'.
Wed Jan  7 01:18:27 1970 ./bftpd[907]: Changed directory to '..'.
Wed Jan  7 01:18:28 1970 ./bftpd[907]: Changed directory to 'lib'.
Wed Jan  7 01:18:29 1970 ./bftpd[907]: Changed directory to '..'.
Wed Jan  7 01:18:29 1970 ./bftpd[907]: Changed directory to '..'.
Wed Jan  7 01:18:31 1970 ./bftpd[907]: Changed directory to '..'.
Wed Jan  7 01:19:56 1970 ./bftpd[907]: Changed directory to '/mnt/SDCARD/System Volume Information'.
Wed Jan  7 01:22:16 1970 ./bftpd[2305]: Warning: Unable to open /var/log/wtmp.
Wed Jan  7 01:22:16 1970 ./bftpd[2305]: Incoming connection from 192.168.1.52.
Wed Jan  7 01:22:17 1970 ./bftpd[2305]: Successfully logged in as user 'ftp'.
Wed Jan  7 01:27:18 1970 ./bftpd[2305]: Kicked from the server due to control connection timeout.
Wed Jan  7 01:27:18 1970 ./bftpd[2305]: Quitting.
Wed Jan  7 01:28:49 1970 ./bftpd[1445]: Warning: Unable to open /var/log/wtmp.
Wed Jan  7 01:28:49 1970 ./bftpd[1445]: Incoming connection from 192.168.1.52.
Wed Jan  7 01:28:52 1970 ./bftpd[1445]: Successfully logged in as user 'ftp'.
Wed Jan  7 01:28:53 1970 ./bftpd[1445]: Changed directory to '/mnt/SDCARD/Screenshots/ARD'.
Wed Jan  7 01:33:21 1970 ./bftpd[1445]: Changed directory to '/mnt/SDCARD/Screenshots/ARD/miyoo'.
Wed Jan  7 01:33:22 1970 ./bftpd[1445]: Changed directory to '/mnt/SDCARD/Screenshots/ARD/miyoo/lib'.
Wed Jan  7 01:33:23 1970 ./bftpd[1445]: Changed directory to '/mnt/SDCARD/Screenshots/ARD/miyoo/app'.
